This is pdfTeX, Version 3.141592653-2.6-1.40.24 (MiKTeX 22.10) (preloaded format=pdflatex 2023.1.16)  18 JAN 2023 22:43
entering extended mode
 restricted \write18 enabled.
 %&-line parsing enabled.
**./refman.tex
(refman.tex
LaTeX2e <2022-06-01> patch level 5
L3 programming layer <2022-09-28>
(C:\Users\mukun\AppData\Local\Programs\MiKTeX\tex/latex/base\book.cls
Document Class: book 2021/10/04 v1.4n Standard LaTeX document class
(C:\Users\mukun\AppData\Local\Programs\MiKTeX\tex/latex/base\bk10.clo
File: bk10.clo 2021/10/04 v1.4n Standard LaTeX file (size option)
)
\c@part=\count185
\c@chapter=\count186
\c@section=\count187
\c@subsection=\count188
\c@subsubsection=\count189
\c@paragraph=\count190
\c@subparagraph=\count191
\c@figure=\count192
\c@table=\count193
\abovecaptionskip=\skip47
\belowcaptionskip=\skip48
\bibindent=\dimen138
)
(C:\Users\mukun\AppData\Local\Programs\MiKTeX\tex/latex/base\ifthen.sty
Package: ifthen 2022/04/13 v1.1d Standard LaTeX ifthen package (DPC)
)
(C:\Users\mukun\AppData\Local\Programs\MiKTeX\tex/latex/tools\array.sty
Rollback for package 'array' requested -> date 2016-10-06.
         Best approximation is the release introduced on 2016-10-06.

(C:\Users\mukun\AppData\Local\Programs\MiKTeX\tex/latex/tools\array-2016-10-06.
sty
Package: array 2016/10/06 v2.4d Tabular extension package (FMi)
\col@sep=\dimen139
\extrarowheight=\dimen140
\NC@list=\toks16
\extratabsurround=\skip49
\backup@length=\skip50
)) (C:\Users\mukun\AppData\Local\Programs\MiKTeX\tex/latex/base\fixltx2e.sty
Package: fixltx2e 2016/12/29 v2.1a fixes to LaTeX (obsolete)
Applying: [2015/01/01] Old fixltx2e package on input line 46.

Package fixltx2e Warning: fixltx2e is not required with releases after 2015
(fixltx2e)                All fixes are now in the LaTeX kernel.
(fixltx2e)                See the latexrelease package for details.

Already applied: [0000/00/00] Old fixltx2e package on input line 53.
) (doxygen.sty
Package: doxygen 

(C:\Users\mukun\AppData\Local\Programs\MiKTeX\tex/latex/base\alltt.sty
Package: alltt 2021/01/29 v2.0g defines alltt environment
)
(C:\Users\mukun\AppData\Local\Programs\MiKTeX\tex/latex/tools\calc.sty
Package: calc 2017/05/25 v4.3 Infix arithmetic (KKT,FJ)
\calc@Acount=\count194
\calc@Bcount=\count195
\calc@Adimen=\dimen141
\calc@Bdimen=\dimen142
\calc@Askip=\skip51
\calc@Bskip=\skip52
LaTeX Info: Redefining \setlength on input line 80.
LaTeX Info: Redefining \addtolength on input line 81.
\calc@Ccount=\count196
\calc@Cskip=\skip53
)
(C:\Users\mukun\AppData\Local\Programs\MiKTeX\tex/latex/float\float.sty
Package: float 2001/11/08 v1.3d Float enhancements (AL)
\c@float@type=\count197
\float@exts=\toks17
\float@box=\box51
\@float@everytoks=\toks18
\@floatcapt=\box52
)
(C:\Users\mukun\AppData\Local\Programs\MiKTeX\tex/latex/tools\verbatim.sty
Package: verbatim 2020-07-07 v1.5u LaTeX2e package for verbatim enhancements
\every@verbatim=\toks19
\verbatim@line=\toks20
\verbatim@in@stream=\read2
)
(C:\Users\mukun\AppData\Local\Programs\MiKTeX\tex/latex/xcolor\xcolor.sty
Package: xcolor 2022/06/12 v2.14 LaTeX color extensions (UK)

(C:\Users\mukun\AppData\Local\Programs\MiKTeX\tex/latex/graphics-cfg\color.cfg
File: color.cfg 2016/01/02 v1.6 sample color configuration
)
Package xcolor Info: Driver file: pdftex.def on input line 227.

(C:\Users\mukun\AppData\Local\Programs\MiKTeX\tex/latex/graphics-def\pdftex.def
File: pdftex.def 2022/09/22 v1.2b Graphics/color driver for pdftex
\stockwidth=\dimen143
\stockheight=\dimen144
) (C:\Users\mukun\AppData\Local\Programs\MiKTeX\tex/latex/colortbl\colortbl.sty
Package: colortbl 2022/06/20 v1.0f Color table columns (DPC)
\everycr=\toks21
\minrowclearance=\skip54
\rownum=\count198
)
(C:\Users\mukun\AppData\Local\Programs\MiKTeX\tex/latex/graphics\mathcolor.ltx)
Package xcolor Info: Model `cmy' substituted by `cmy0' on input line 1353.
Package xcolor Info: Model `hsb' substituted by `rgb' on input line 1357.
Package xcolor Info: Model `RGB' extended on input line 1369.
Package xcolor Info: Model `HTML' substituted by `rgb' on input line 1371.
Package xcolor Info: Model `Hsb' substituted by `hsb' on input line 1372.
Package xcolor Info: Model `tHsb' substituted by `hsb' on input line 1373.
Package xcolor Info: Model `HSB' substituted by `hsb' on input line 1374.
Package xcolor Info: Model `Gray' substituted by `gray' on input line 1375.
Package xcolor Info: Model `wave' substituted by `hsb' on input line 1376.
) (longtable_doxygen.sty
Package: longtable_doxygen 2014/10/28 v4.11 Multi-page Table package (DPC) - fr
ozen version for doxygen
\LTleft=\skip55
\LTright=\skip56
\LTpre=\skip57
\LTpost=\skip58
\LTchunksize=\count199
\LTcapwidth=\dimen145
\LT@head=\box53
\LT@firsthead=\box54
\LT@foot=\box55
\LT@lastfoot=\box56
\LT@cols=\count266
\LT@rows=\count267
\c@LT@tables=\count268
\c@LT@chunks=\count269
\LT@p@ftn=\toks22
) (tabu_doxygen.sty
Package: tabu_doxygen 2011/02/26 v2.8 - flexible LaTeX tabulars (FC), frozen ve
rsion for doxygen

(C:\Users\mukun\AppData\Local\Programs\MiKTeX\tex/latex/varwidth\varwidth.sty
Package: varwidth 2009/03/30 ver 0.92;  Variable-width minipages
\@vwid@box=\box57
\sift@deathcycles=\count270
\@vwid@loff=\dimen146
\@vwid@roff=\dimen147
)
\c@taburow=\count271
\tabu@nbcols=\count272
\tabu@cnt=\count273
\tabu@Xcol=\count274
\tabu@alloc=\count275
\tabu@nested=\count276
\tabu@target=\dimen148
\tabu@spreadtarget=\dimen149
\tabu@naturalX=\dimen150
\tabucolX=\dimen151
\tabu@Xsum=\dimen152
\extrarowdepth=\dimen153
\abovetabulinesep=\dimen154
\belowtabulinesep=\dimen155
\tabustrutrule=\dimen156
\tabu@thebody=\toks23
\tabu@footnotes=\toks24
\tabu@box=\box58
\tabu@arstrutbox=\box59
\tabu@hleads=\box60
\tabu@vleads=\box61
\tabu@cellskip=\skip59
) (C:\Users\mukun\AppData\Local\Programs\MiKTeX\tex/latex/fancyvrb\fancyvrb.sty
Package: fancyvrb 2022/06/06 4.5 verbatim text (tvz,hv)

(C:\Users\mukun\AppData\Local\Programs\MiKTeX\tex/latex/graphics\keyval.sty
Package: keyval 2022/05/29 v1.15 key=value parser (DPC)
\KV@toks@=\toks25
)
\FV@CodeLineNo=\count277
\FV@InFile=\read3
\FV@TabBox=\box62
\c@FancyVerbLine=\count278
\FV@StepNumber=\count279
\FV@OutFile=\write3
)
(C:\Users\mukun\AppData\Local\Programs\MiKTeX\tex/latex/tools\tabularx.sty
Package: tabularx 2020/01/15 v2.11c `tabularx' package (DPC)
\TX@col@width=\dimen157
\TX@old@table=\dimen158
\TX@old@col=\dimen159
\TX@target=\dimen160
\TX@delta=\dimen161
\TX@cols=\count280
\TX@ftn=\toks26
)
(C:\Users\mukun\AppData\Local\Programs\MiKTeX\tex/latex/tools\multicol.sty
Package: multicol 2021/11/30 v1.9d multicolumn formatting (FMi)
\c@tracingmulticols=\count281
\mult@box=\box63
\multicol@leftmargin=\dimen162
\c@unbalance=\count282
\c@collectmore=\count283
\doublecol@number=\count284
\multicoltolerance=\count285
\multicolpretolerance=\count286
\full@width=\dimen163
\page@free=\dimen164
\premulticols=\dimen165
\postmulticols=\dimen166
\multicolsep=\skip60
\multicolbaselineskip=\skip61
\partial@page=\box64
\last@line=\box65
\maxbalancingoverflow=\dimen167
\mult@rightbox=\box66
\mult@grightbox=\box67
\mult@firstbox=\box68
\mult@gfirstbox=\box69
\@tempa=\box70
\@tempa=\box71
\@tempa=\box72
\@tempa=\box73
\@tempa=\box74
\@tempa=\box75
\@tempa=\box76
\@tempa=\box77
\@tempa=\box78
\@tempa=\box79
\@tempa=\box80
\@tempa=\box81
\@tempa=\box82
\@tempa=\box83
\@tempa=\box84
\@tempa=\box85
\@tempa=\box86
\@tempa=\box87
\@tempa=\box88
\@tempa=\box89
\@tempa=\box90
\@tempa=\box91
\@tempa=\box92
\@tempa=\box93
\@tempa=\box94
\@tempa=\box95
\@tempa=\box96
\@tempa=\box97
\@tempa=\box98
\@tempa=\box99
\@tempa=\box100
\@tempa=\box101
\@tempa=\box102
\@tempa=\box103
\@tempa=\box104
\@tempa=\box105
\c@minrows=\count287
\c@columnbadness=\count288
\c@finalcolumnbadness=\count289
\last@try=\dimen168
\multicolovershoot=\dimen169
\multicolundershoot=\dimen170
\mult@nat@firstbox=\box106
\colbreak@box=\box107
\mc@col@check@num=\count290
)
(C:\Users\mukun\AppData\Local\Programs\MiKTeX\tex/latex/multirow\multirow.sty
Package: multirow 2021/03/15 v2.8 Span multiple rows of a table
\multirow@colwidth=\skip62
\multirow@cntb=\count291
\multirow@dima=\skip63
\bigstrutjot=\dimen171
)
(C:\Users\mukun\AppData\Local\Programs\MiKTeX\tex/latex/hanging\hanging.sty
Package: hanging 2009/09/02 v1.2b hanging paragraphs and punctuation
\h@ngcommawd=\skip64
\h@ngfstopwd=\skip65
\h@ngquotewd=\skip66
\h@ngdquotewd=\skip67
\h@ngquerywd=\skip68
\h@ngexclwd=\skip69
\h@ngcolonwd=\skip70
\h@ngscolonwd=\skip71
)
(C:\Users\mukun\AppData\Local\Programs\MiKTeX\tex/generic/iftex\ifpdf.sty
Package: ifpdf 2019/10/25 v3.4 ifpdf legacy package. Use iftex instead.

(C:\Users\mukun\AppData\Local\Programs\MiKTeX\tex/generic/iftex\iftex.sty
Package: iftex 2022/02/03 v1.0f TeX engine tests
))
(C:\Users\mukun\AppData\Local\Programs\MiKTeX\tex/latex/adjustbox\adjustbox.sty
Package: adjustbox 2022/10/17 v1.3a Adjusting TeX boxes (trim, clip, ...)
(C:\Users\mukun\AppData\Local\Programs\MiKTeX\tex/latex/xkeyval\xkeyval.sty
Package: xkeyval 2022/06/16 v2.9 package option processing (HA)

(C:\Users\mukun\AppData\Local\Programs\MiKTeX\tex/generic/xkeyval\xkeyval.tex
(C:\Users\mukun\AppData\Local\Programs\MiKTeX\tex/generic/xkeyval\xkvutils.tex
\XKV@toks=\toks27
\XKV@tempa@toks=\toks28
)
\XKV@depth=\count292
File: xkeyval.tex 2014/12/03 v2.7a key=value parser (HA)
))
(C:\Users\mukun\AppData\Local\Programs\MiKTeX\tex/latex/adjustbox\adjcalc.sty
Package: adjcalc 2012/05/16 v1.1 Provides advanced setlength with multiple back
-ends (calc, etex, pgfmath)
)
(C:\Users\mukun\AppData\Local\Programs\MiKTeX\tex/latex/adjustbox\trimclip.sty
Package: trimclip 2020/08/19 v1.2 Trim and clip general TeX material

(C:\Users\mukun\AppData\Local\Programs\MiKTeX\tex/latex/graphics\graphicx.sty
Package: graphicx 2021/09/16 v1.2d Enhanced LaTeX Graphics (DPC,SPQR)

(C:\Users\mukun\AppData\Local\Programs\MiKTeX\tex/latex/graphics\graphics.sty
Package: graphics 2022/03/10 v1.4e Standard LaTeX Graphics (DPC,SPQR)

(C:\Users\mukun\AppData\Local\Programs\MiKTeX\tex/latex/graphics\trig.sty
Package: trig 2021/08/11 v1.11 sin cos tan (DPC)
)
(C:\Users\mukun\AppData\Local\Programs\MiKTeX\tex/latex/graphics-cfg\graphics.c
fg
File: graphics.cfg 2016/06/04 v1.11 sample graphics configuration
)
Package graphics Info: Driver file: pdftex.def on input line 107.
)
\Gin@req@height=\dimen172
\Gin@req@width=\dimen173
)
(C:\Users\mukun\AppData\Local\Programs\MiKTeX\tex/latex/collectbox\collectbox.s
ty
Package: collectbox 2022/10/17 v0.4c Collect macro arguments as boxes
\collectedbox=\box108
)
\tc@llx=\dimen174
\tc@lly=\dimen175
\tc@urx=\dimen176
\tc@ury=\dimen177
Package trimclip Info: Using driver 'tc-pdftex.def'.

(C:\Users\mukun\AppData\Local\Programs\MiKTeX\tex/latex/adjustbox\tc-pdftex.def
File: tc-pdftex.def 2019/01/04 v2.2 Clipping driver for pdftex
))
\adjbox@Width=\dimen178
\adjbox@Height=\dimen179
\adjbox@Depth=\dimen180
\adjbox@Totalheight=\dimen181
\adjbox@pwidth=\dimen182
\adjbox@pheight=\dimen183
\adjbox@pdepth=\dimen184
\adjbox@ptotalheight=\dimen185

(C:\Users\mukun\AppData\Local\Programs\MiKTeX\tex/latex/ifoddpage\ifoddpage.sty
Package: ifoddpage 2022/10/18 v1.2 Conditionals for odd/even page detection
\c@checkoddpage=\count293
)) (C:\Users\mukun\AppData\Local\Programs\MiKTeX\tex/latex/amsfonts\amssymb.sty
Package: amssymb 2013/01/14 v3.01 AMS font symbols
(C:\Users\mukun\AppData\Local\Programs\MiKTeX\tex/latex/amsfonts\amsfonts.sty
Package: amsfonts 2013/01/14 v3.01 Basic AMSFonts support
\@emptytoks=\toks29
\symAMSa=\mathgroup4
\symAMSb=\mathgroup5
LaTeX Font Info:    Redeclaring math symbol \hbar on input line 98.
LaTeX Font Info:    Overwriting math alphabet `\mathfrak' in version `bold'
(Font)                  U/euf/m/n --> U/euf/b/n on input line 106.
))
(C:\Users\mukun\AppData\Local\Programs\MiKTeX\tex/latex/stackengine\stackengine
.sty
Package: stackengine 2021/07/22 v4.11\ Stacking text and objects in convenient 
ways

(C:\Users\mukun\AppData\Local\Programs\MiKTeX\tex/latex/etoolbox\etoolbox.sty
Package: etoolbox 2020/10/05 v2.5k e-TeX tools for LaTeX (JAW)
\etb@tempcnta=\count294
)
(C:\Users\mukun\AppData\Local\Programs\MiKTeX\tex/latex/listofitems\listofitems
.sty
(C:\Users\mukun\AppData\Local\Programs\MiKTeX\tex/generic/listofitems\listofite
ms.tex
\loi_cnt_foreach_nest=\count295
\loi_nestcnt=\count296
)
Package: listofitems 2019/08/21 v1.63 Grab items in lists using user-specified 
sep char (CT)
)
\c@@stackindex=\count297
\@boxshift=\skip72
\stack@tmplength=\skip73
\temp@stkl=\skip74
\@stackedboxwidth=\skip75
\@addedbox=\box109
\@anchorbox=\box110
\@insetbox=\box111
\se@backgroundbox=\box112
\stackedbox=\box113
\@centerbox=\box114
\c@ROWcellindex@=\count298
)
(C:\Users\mukun\AppData\Local\Programs\MiKTeX\tex/latex/enumitem\enumitem.sty
Package: enumitem 2019/06/20 v3.9 Customized lists
\labelindent=\skip76
\enit@outerparindent=\dimen186
\enit@toks=\toks30
\enit@inbox=\box115
\enit@count@id=\count299
\enitdp@description=\count300
)
(C:\Users\mukun\AppData\Local\Programs\MiKTeX\tex/generic/alphalph\alphalph.sty
Package: alphalph 2019/12/09 v2.6 Convert numbers to letters (HO)

(C:\Users\mukun\AppData\Local\Programs\MiKTeX\tex/generic/infwarerr\infwarerr.s
ty
Package: infwarerr 2019/12/03 v1.5 Providing info/warning/error messages (HO)
)
(C:\Users\mukun\AppData\Local\Programs\MiKTeX\tex/generic/intcalc\intcalc.sty
Package: intcalc 2019/12/15 v1.3 Expandable calculations with integers (HO)
)) (C:\Users\mukun\AppData\Local\Programs\MiKTeX\tex/latex/ulem\ulem.sty
\UL@box=\box116
\UL@hyphenbox=\box117
\UL@skip=\skip77
\UL@hook=\toks31
\UL@height=\dimen187
\UL@pe=\count301
\UL@pixel=\dimen188
\ULC@box=\box118
Package: ulem 2019/11/18
\ULdepth=\dimen189
)
\xrefbox=\box119
\xreflength=\skip78
\CodeWidthChar=\skip79
\CodeHeightChar=\skip80
\DoxyCodeWidth=\skip81
\c@DoxyEnumeratei=\count302
\c@DoxyEnumerateii=\count303
\c@DoxyEnumerateiii=\count304
\c@DoxyEnumerateiv=\count305
\c@DoxyEnumeratev=\count306
\c@DoxyEnumeratevi=\count307
\c@DoxyEnumeratevii=\count308
\c@DoxyEnumerateviii=\count309
\c@DoxyEnumerateix=\count310
\c@DoxyEnumeratex=\count311
\c@DoxyEnumeratexi=\count312
\c@DoxyEnumeratexii=\count313
\enitdp@DoxyEnumerate=\count314
\enitdp@DoxyItemize=\count315
)
(C:\Users\mukun\AppData\Local\Programs\MiKTeX\tex/latex/base\inputenc.sty
Package: inputenc 2021/02/14 v1.3d Input encoding file
\inpenc@prehook=\toks32
\inpenc@posthook=\toks33
)
(C:\Users\mukun\AppData\Local\Programs\MiKTeX\tex/latex/base\makeidx.sty
Package: makeidx 2021/10/04 v1.0m Standard LaTeX package
)
(C:\Users\mukun\AppData\Local\Programs\MiKTeX\tex/latex/base\textcomp.sty
Package: textcomp 2020/02/02 v2.0n Standard LaTeX package
)
(C:\Users\mukun\AppData\Local\Programs\MiKTeX\tex/latex/wasysym\wasysym.sty
Package: wasysym 2020/01/19 v2.4 Wasy-2 symbol support package
\symwasy=\mathgroup6
LaTeX Font Info:    Overwriting symbol font `wasy' in version `bold'
(Font)                  U/wasy/m/n --> U/wasy/b/n on input line 93.
)
(C:\Users\mukun\AppData\Local\Programs\MiKTeX\tex/generic/iftex\ifxetex.sty
Package: ifxetex 2019/10/25 v0.7 ifxetex legacy package. Use iftex instead.
)
(C:\Users\mukun\AppData\Local\Programs\MiKTeX\tex/latex/base\fontenc.sty
Package: fontenc 2021/04/29 v2.0v Standard LaTeX package
)
(C:\Users\mukun\AppData\Local\Programs\MiKTeX\tex/latex/psnfss\helvet.sty
Package: helvet 2020/03/25 PSNFSS-v9.3 (WaS) 
)
(C:\Users\mukun\AppData\Local\Programs\MiKTeX\tex/latex/psnfss\courier.sty
Package: courier 2020/03/25 PSNFSS-v9.3 (WaS) 
)
(C:\Users\mukun\AppData\Local\Programs\MiKTeX\tex/latex/sectsty\sectsty.sty
Package: sectsty 2002/02/25 v2.0.2 Commands to change all sectional heading sty
les


LaTeX Warning: Command \underbar  has changed.
               Check if current package is valid.


LaTeX Warning: Command \underline  has changed.
               Check if current package is valid.

) (C:\Users\mukun\AppData\Local\Programs\MiKTeX\tex/latex/geometry\geometry.sty
Package: geometry 2020/01/02 v5.9 Page Geometry
(C:\Users\mukun\AppData\Local\Programs\MiKTeX\tex/generic/iftex\ifvtex.sty
Package: ifvtex 2019/10/25 v1.7 ifvtex legacy package. Use iftex instead.
)
\Gm@cnth=\count316
\Gm@cntv=\count317
\c@Gm@tempcnt=\count318
\Gm@bindingoffset=\dimen190
\Gm@wd@mp=\dimen191
\Gm@odd@mp=\dimen192
\Gm@even@mp=\dimen193
\Gm@layoutwidth=\dimen194
\Gm@layoutheight=\dimen195
\Gm@layouthoffset=\dimen196
\Gm@layoutvoffset=\dimen197
\Gm@dimlist=\toks34

(C:\Users\mukun\AppData\Local\Programs\MiKTeX\tex/latex/geometry\geometry.cfg))

(C:\Users\mukun\AppData\Local\Programs\MiKTeX\tex/latex/changepage\changepage.s
ty
Package: changepage 2009/10/20 v1.0c check page and change page layout
\c@cp@cntr=\count319
\cp@tempcnt=\count320
LaTeX Info: Redefining \checkoddpage on input line 59.
)
(C:\Users\mukun\AppData\Local\Programs\MiKTeX\tex/latex/fancyhdr\fancyhdr.sty
Package: fancyhdr 2022/11/09 v4.1 Extensive control of page headers and footers

\f@nch@headwidth=\skip82
\f@nch@O@elh=\skip83
\f@nch@O@erh=\skip84
\f@nch@O@olh=\skip85
\f@nch@O@orh=\skip86
\f@nch@O@elf=\skip87
\f@nch@O@erf=\skip88
\f@nch@O@olf=\skip89
\f@nch@O@orf=\skip90
)
(C:\Users\mukun\AppData\Local\Programs\MiKTeX\tex/latex/natbib\natbib.sty
Package: natbib 2010/09/13 8.31b (PWD, AO)
\bibhang=\skip91
\bibsep=\skip92
LaTeX Info: Redefining \cite on input line 694.
\c@NAT@ctr=\count321
)
(C:\Users\mukun\AppData\Local\Programs\MiKTeX\tex/latex/tocloft\tocloft.sty
Package: tocloft 2017/08/31 v2.3i parameterised ToC, etc., typesetting
Package tocloft Info: The document has chapter divisions on input line 51.
\cftparskip=\skip93
\cftbeforetoctitleskip=\skip94
\cftaftertoctitleskip=\skip95
\cftbeforepartskip=\skip96
\cftpartnumwidth=\skip97
\cftpartindent=\skip98
\cftbeforechapskip=\skip99
\cftchapindent=\skip100
\cftchapnumwidth=\skip101
\cftbeforesecskip=\skip102
\cftsecindent=\skip103
\cftsecnumwidth=\skip104
\cftbeforesubsecskip=\skip105
\cftsubsecindent=\skip106
\cftsubsecnumwidth=\skip107
\cftbeforesubsubsecskip=\skip108
\cftsubsubsecindent=\skip109
\cftsubsubsecnumwidth=\skip110
\cftbeforeparaskip=\skip111
\cftparaindent=\skip112
\cftparanumwidth=\skip113
\cftbeforesubparaskip=\skip114
\cftsubparaindent=\skip115
\cftsubparanumwidth=\skip116
\cftbeforeloftitleskip=\skip117
\cftafterloftitleskip=\skip118
\cftbeforefigskip=\skip119
\cftfigindent=\skip120
\cftfignumwidth=\skip121
\c@lofdepth=\count322
\c@lotdepth=\count323
\cftbeforelottitleskip=\skip122
\cftafterlottitleskip=\skip123
\cftbeforetabskip=\skip124
\cfttabindent=\skip125
\cfttabnumwidth=\skip126
)
\@indexfile=\write4
\openout4 = `refman.idx'.


Writing index file refman.idx

(C:\Users\mukun\AppData\Local\Programs\MiKTeX\tex/latex/newunicodechar\newunico
dechar.sty
Package: newunicodechar 2018/04/08 v1.2 Defining Unicode characters
)

Package newunicodechar Warning: Redefining Unicode character on input line 117.



Package newunicodechar Warning: Redefining Unicode character on input line 118.


(C:\Users\mukun\AppData\Local\Programs\MiKTeX\tex/latex/hyperref\hyperref.sty
Package: hyperref 2022-09-22 v7.00t Hypertext links for LaTeX

(C:\Users\mukun\AppData\Local\Programs\MiKTeX\tex/generic/ltxcmds\ltxcmds.sty
Package: ltxcmds 2020-05-10 v1.25 LaTeX kernel commands for general use (HO)
)
(C:\Users\mukun\AppData\Local\Programs\MiKTeX\tex/generic/pdftexcmds\pdftexcmds
.sty
Package: pdftexcmds 2020-06-27 v0.33 Utility functions of pdfTeX for LuaTeX (HO
)
Package pdftexcmds Info: \pdf@primitive is available.
Package pdftexcmds Info: \pdf@ifprimitive is available.
Package pdftexcmds Info: \pdfdraftmode found.
)
(C:\Users\mukun\AppData\Local\Programs\MiKTeX\tex/latex/kvsetkeys\kvsetkeys.sty
Package: kvsetkeys 2022-10-05 v1.19 Key value parser (HO)
)
(C:\Users\mukun\AppData\Local\Programs\MiKTeX\tex/generic/kvdefinekeys\kvdefine
keys.sty
Package: kvdefinekeys 2019-12-19 v1.6 Define keys (HO)
)
(C:\Users\mukun\AppData\Local\Programs\MiKTeX\tex/generic/pdfescape\pdfescape.s
ty
Package: pdfescape 2019/12/09 v1.15 Implements pdfTeX's escape features (HO)
) (C:\Users\mukun\AppData\Local\Programs\MiKTeX\tex/latex/hycolor\hycolor.sty
Package: hycolor 2020-01-27 v1.10 Color options for hyperref/bookmark (HO)
)
(C:\Users\mukun\AppData\Local\Programs\MiKTeX\tex/latex/letltxmacro\letltxmacro
.sty
Package: letltxmacro 2019/12/03 v1.6 Let assignment for LaTeX macros (HO)
)
(C:\Users\mukun\AppData\Local\Programs\MiKTeX\tex/latex/auxhook\auxhook.sty
Package: auxhook 2019-12-17 v1.6 Hooks for auxiliary files (HO)
)
(C:\Users\mukun\AppData\Local\Programs\MiKTeX\tex/latex/hyperref\nameref.sty
Package: nameref 2022-05-17 v2.50 Cross-referencing by name of section

(C:\Users\mukun\AppData\Local\Programs\MiKTeX\tex/latex/refcount\refcount.sty
Package: refcount 2019/12/15 v3.6 Data extraction from label references (HO)
)
(C:\Users\mukun\AppData\Local\Programs\MiKTeX\tex/generic/gettitlestring\gettit
lestring.sty
Package: gettitlestring 2019/12/15 v1.6 Cleanup title references (HO)

(C:\Users\mukun\AppData\Local\Programs\MiKTeX\tex/latex/kvoptions\kvoptions.sty
Package: kvoptions 2022-06-15 v3.15 Key value format for package options (HO)
))
\c@section@level=\count324
)
\@linkdim=\dimen198
\Hy@linkcounter=\count325
\Hy@pagecounter=\count326
 (C:\Users\mukun\AppData\Local\Programs\MiKTeX\tex/latex/hyperref\pd1enc.def
File: pd1enc.def 2022-09-22 v7.00t Hyperref: PDFDocEncoding definition (HO)
Now handling font encoding PD1 ...
... no UTF-8 mapping file for font encoding PD1
)
(C:\Users\mukun\AppData\Local\Programs\MiKTeX\tex/generic/etexcmds\etexcmds.sty
Package: etexcmds 2019/12/15 v1.7 Avoid name clashes with e-TeX commands (HO)
)
\Hy@SavedSpaceFactor=\count327
 (C:\Users\mukun\AppData\Local\Programs\MiKTeX\tex/latex/hyperref\puenc.def
File: puenc.def 2022-09-22 v7.00t Hyperref: PDF Unicode definition (HO)
Now handling font encoding PU ...
... no UTF-8 mapping file for font encoding PU
)
Package hyperref Info: Hyper figures OFF on input line 4162.
Package hyperref Info: Link nesting OFF on input line 4167.
Package hyperref Info: Hyper index ON on input line 4170.
Package hyperref Info: Plain pages OFF on input line 4177.
Package hyperref Info: Backreferencing ON on input line 4180.
Package hyperref Info: Implicit mode ON; LaTeX internals redefined.
Package hyperref Info: Bookmarks ON on input line 4410.

(C:\Users\mukun\AppData\Local\Programs\MiKTeX\tex/latex/hyperref\backref.sty
Package: backref 2021/02/04 v1.41 Bibliographical back referencing

(C:\Users\mukun\AppData\Local\Programs\MiKTeX\tex/latex/rerunfilecheck\rerunfil
echeck.sty
Package: rerunfilecheck 2022-07-10 v1.10 Rerun checks for auxiliary files (HO)

(C:\Users\mukun\AppData\Local\Programs\MiKTeX\tex/latex/base\atveryend-ltx.sty
Package: atveryend-ltx 2020/08/19 v1.0a Emulation of the original atveryend pac
kage
with kernel methods
)
(C:\Users\mukun\AppData\Local\Programs\MiKTeX\tex/generic/uniquecounter\uniquec
ounter.sty
Package: uniquecounter 2019/12/15 v1.4 Provide unlimited unique counter (HO)

(C:\Users\mukun\AppData\Local\Programs\MiKTeX\tex/generic/bigintcalc\bigintcalc
.sty
Package: bigintcalc 2019/12/15 v1.5 Expandable calculations on big integers (HO
)
))
Package uniquecounter Info: New unique counter `rerunfilecheck' on input line 2
85.
))
\c@Hy@tempcnt=\count328
 (C:\Users\mukun\AppData\Local\Programs\MiKTeX\tex/latex/url\url.sty
\Urlmuskip=\muskip16
Package: url 2013/09/16  ver 3.4  Verb mode for urls, etc.
)
LaTeX Info: Redefining \url on input line 4748.
\XeTeXLinkMargin=\dimen199

(C:\Users\mukun\AppData\Local\Programs\MiKTeX\tex/generic/bitset\bitset.sty
Package: bitset 2019/12/09 v1.3 Handle bit-vector datatype (HO)
)
\Fld@menulength=\count329
\Field@Width=\dimen256
\Fld@charsize=\dimen257
Package hyperref Info: Hyper figures OFF on input line 6027.
Package hyperref Info: Link nesting OFF on input line 6032.
Package hyperref Info: Hyper index ON on input line 6035.
Package hyperref Info: backreferencing ON on input line 6040.
Package hyperref Info: Link coloring OFF on input line 6047.
Package hyperref Info: Link coloring with OCG OFF on input line 6052.
Package hyperref Info: PDF/A mode OFF on input line 6057.

(C:\Users\mukun\AppData\Local\Programs\MiKTeX\tex/latex/base\atbegshi-ltx.sty
Package: atbegshi-ltx 2021/01/10 v1.0c Emulation of the original atbegshi
package with kernel methods
)
\Hy@abspage=\count330
\c@Item=\count331
\c@Hfootnote=\count332


LaTeX Warning: Command \LT@p@ftntext  has changed.
               Check if current package is valid.

)
Package hyperref Info: Driver: hpdftex.
 (C:\Users\mukun\AppData\Local\Programs\MiKTeX\tex/latex/hyperref\hpdftex.def
File: hpdftex.def 2022-09-22 v7.00t Hyperref driver for pdfTeX
\Fld@listcount=\count333
\c@bookmark@seq@number=\count334
\Hy@SectionHShift=\skip127
)
Package hyperref Info: Option `colorlinks' set `true' on input line 137.
Package hyperref Info: Option `unicode' set `true' on input line 137.
(C:\Users\mukun\AppData\Local\Programs\MiKTeX\tex/latex/caption\caption.sty
Package: caption 2022/03/01 v3.6b Customizing captions (AR)

(C:\Users\mukun\AppData\Local\Programs\MiKTeX\tex/latex/caption\caption3.sty
Package: caption3 2022/03/17 v2.3b caption3 kernel (AR)
\caption@tempdima=\dimen258
\captionmargin=\dimen259
\caption@leftmargin=\dimen260
\caption@rightmargin=\dimen261
\caption@width=\dimen262
\caption@indent=\dimen263
\caption@parindent=\dimen264
\caption@hangindent=\dimen265
Package caption Info: Standard document class detected.
)
\c@caption@flags=\count335
\c@continuedfloat=\count336
Package caption Info: changepage package is loaded.
\caption@adjustwidth@hsize=\dimen266
\caption@adjustwidth@linewidth=\dimen267
Package caption Info: float package is loaded.
Package caption Info: hyperref package is loaded.
Package caption Info: longtable package is loaded.

(C:\Users\mukun\AppData\Local\Programs\MiKTeX\tex/latex/caption\ltcaption.sty
Package: ltcaption 2021/01/08 v1.4c longtable captions (AR)
)) (C:\Users\mukun\AppData\Local\Programs\MiKTeX\tex/latex/etoc\etoc.sty
Package: etoc 2022/11/21 v1.09i Completely customisable TOCs (JFB)
\Etoc@toctoks=\toks35
\c@etoc@tocid=\count337
\c@etoc@tocdepth=\count338
\etoc@framed@titlebox=\box120
\etoc@framed@contentsbox=\box121
)
LaTeX Font Info:    Trying to load font information for T1+phv on input line 15
3.

(C:\Users\mukun\AppData\Local\Programs\MiKTeX\tex/latex/psnfss\t1phv.fd
File: t1phv.fd 2020/03/25 scalable font definitions for T1/phv.
)
LaTeX Font Info:    Font shape `T1/phv/m/n' will be
(Font)              scaled to size 8.99994pt on input line 153.

(C:\Users\mukun\AppData\Local\Programs\MiKTeX\tex/latex/l3backend\l3backend-pdf
tex.def
File: l3backend-pdftex.def 2022-09-28 L3 backend support: PDF output (pdfTeX)
\l__color_backend_stack_int=\count339
\l__pdf_internal_box=\box122
) (refman.aux)
\openout1 = `refman.aux'.

LaTeX Font Info:    Checking defaults for OML/cmm/m/it on input line 153.
LaTeX Font Info:    ... okay on input line 153.
LaTeX Font Info:    Checking defaults for OMS/cmsy/m/n on input line 153.
LaTeX Font Info:    ... okay on input line 153.
LaTeX Font Info:    Checking defaults for OT1/cmr/m/n on input line 153.
LaTeX Font Info:    ... okay on input line 153.
LaTeX Font Info:    Checking defaults for T1/cmr/m/n on input line 153.
LaTeX Font Info:    ... okay on input line 153.
LaTeX Font Info:    Checking defaults for TS1/cmr/m/n on input line 153.
LaTeX Font Info:    ... okay on input line 153.
LaTeX Font Info:    Checking defaults for OMX/cmex/m/n on input line 153.
LaTeX Font Info:    ... okay on input line 153.
LaTeX Font Info:    Checking defaults for U/cmr/m/n on input line 153.
LaTeX Font Info:    ... okay on input line 153.
LaTeX Font Info:    Checking defaults for PD1/pdf/m/n on input line 153.
LaTeX Font Info:    ... okay on input line 153.
LaTeX Font Info:    Checking defaults for PU/pdf/m/n on input line 153.
LaTeX Font Info:    ... okay on input line 153.

(C:\Users\mukun\AppData\Local\Programs\MiKTeX\tex/context/base/mkii\supp-pdf.mk
ii
[Loading MPS to PDF converter (version 2006.09.02).]
\scratchcounter=\count340
\scratchdimen=\dimen268
\scratchbox=\box123
\nofMPsegments=\count341
\nofMParguments=\count342
\everyMPshowfont=\toks36
\MPscratchCnt=\count343
\MPscratchDim=\dimen269
\MPnumerator=\count344
\makeMPintoPDFobject=\count345
\everyMPtoPDFconversion=\toks37
)
(C:\Users\mukun\AppData\Local\Programs\MiKTeX\tex/latex/epstopdf-pkg\epstopdf-b
ase.sty
Package: epstopdf-base 2020-01-24 v2.11 Base part for package epstopdf
Package epstopdf-base Info: Redefining graphics rule for `.eps' on input line 4
85.

(C:\Users\mukun\AppData\Local\Programs\MiKTeX\tex/latex/00miktex\epstopdf-sys.c
fg
File: epstopdf-sys.cfg 2021/03/18 v2.0 Configuration of epstopdf for MiKTeX
))
*geometry* driver: auto-detecting
*geometry* detected driver: pdftex
*geometry* verbose mode - [ preamble ] result:
* driver: pdftex
* paper: a4paper
* layout: <same size as paper>
* layoutoffset:(h,v)=(0.0pt,0.0pt)
* modes: twoside 
* h-part:(L,W,R)=(71.13188pt, 455.24411pt, 71.13188pt)
* v-part:(T,H,B)=(71.13188pt, 702.78308pt, 71.13188pt)
* \paperwidth=597.50787pt
* \paperheight=845.04684pt
* \textwidth=455.24411pt
* \textheight=702.78308pt
* \oddsidemargin=-1.1381pt
* \evensidemargin=-1.1381pt
* \topmargin=-31.2056pt
* \headheight=12.0pt
* \headsep=18.06749pt
* \topskip=10.0pt
* \footskip=25.29494pt
* \marginparwidth=125.0pt
* \marginparsep=7.0pt
* \columnsep=10.0pt
* \skip\footins=9.0pt plus 4.0pt minus 2.0pt
* \hoffset=0.0pt
* \voffset=0.0pt
* \mag=1000
* \@twocolumnfalse
* \@twosidetrue
* \@mparswitchtrue
* \@reversemarginfalse
* (1in=72.27pt=25.4mm, 1cm=28.453pt)

Package backref Info: ** backref set up for natbib ** on input line 153.
Package hyperref Info: Link coloring ON on input line 153.
(refman.out) (refman.out)
\@outlinefile=\write5
\openout5 = `refman.out'.

Package caption Info: Begin \AtBeginDocument code.
Package caption Info: End \AtBeginDocument code.
\Etoc@tf=\read4
Package hyperref Info: Option `pageanchor' set `false' on input line 161.
Package hyperref Info: Option `bookmarksnumbered' set `true' on input line 161.

Package hyperref Info: Option `unicode' set `true' on input line 161.
LaTeX Font Info:    Font shape `T1/phv/m/n' will be
(Font)              scaled to size 12.9599pt on input line 166.
LaTeX Font Info:    Font shape `T1/phv/m/n' will be
(Font)              scaled to size 10.79993pt on input line 167.
LaTeX Font Info:    Font shape `T1/phv/m/n' will be
(Font)              scaled to size 6.29996pt on input line 167.
LaTeX Font Info:    Trying to load font information for U+msa on input line 167
.

(C:\Users\mukun\AppData\Local\Programs\MiKTeX\tex/latex/amsfonts\umsa.fd
File: umsa.fd 2013/01/14 v3.01 AMS symbols A
)
LaTeX Font Info:    Trying to load font information for U+msb on input line 167
.

(C:\Users\mukun\AppData\Local\Programs\MiKTeX\tex/latex/amsfonts\umsb.fd
File: umsb.fd 2013/01/14 v3.01 AMS symbols B
)
LaTeX Font Info:    Trying to load font information for U+wasy on input line 16
7.

(C:\Users\mukun\AppData\Local\Programs\MiKTeX\tex/latex/wasysym\uwasy.fd
File: uwasy.fd 2020/01/19 v2.4 Wasy-2 symbol font definitions
)
[1


{C:/Users/mukun/AppData/Local/MiKTeX/fonts/map/pdftex/pdftex.map}] [2

]
\tf@toc=\write6
\openout6 = `refman.toc'.

LaTeX Font Info:    Font shape `T1/phv/b/n' will be
(Font)              scaled to size 8.99994pt on input line 175.
LaTeX Font Info:    Font shape `T1/phv/b/n' will be
(Font)              scaled to size 6.29996pt on input line 175.

[1] [2]
Package hyperref Info: Option `pageanchor' set `true' on input line 178.

Chapter 1.
LaTeX Font Info:    Font shape `T1/phv/m/n' will be
(Font)              scaled to size 18.66588pt on input line 180.
LaTeX Font Info:    Font shape `T1/phv/b/n' will be
(Font)              scaled to size 18.66588pt on input line 180.
LaTeX Font Info:    Font shape `T1/phv/bc/n' will be
(Font)              scaled to size 18.66588pt on input line 180.
LaTeX Font Info:    Font shape `T1/phv/m/n' will be
(Font)              scaled to size 22.39185pt on input line 180.
LaTeX Font Info:    Font shape `T1/phv/b/n' will be
(Font)              scaled to size 22.39185pt on input line 180.
LaTeX Font Info:    Font shape `T1/phv/bc/n' will be
(Font)              scaled to size 22.39185pt on input line 180.
(bug.tex) [1


] [2

]
Chapter 2.
(annotated.tex
LaTeX Font Info:    Font shape `T1/phv/b/n' will be
(Font)              scaled to size 12.9599pt on input line 1.
) [3] [4

]
Chapter 3.
(files.tex

LaTeX Warning: Reference `spacetype__functions_8h_source' on page 5 undefined o
n input line 5.


LaTeX Warning: Reference `spacetype__game_8h_source' on page 5 undefined on inp
ut line 7.


LaTeX Warning: Reference `spacetype__test_8h_source' on page 5 undefined on inp
ut line 9.


LaTeX Warning: Reference `spacetype__train_8h_source' on page 5 undefined on in
put line 11.

) [5] [6

]
Chapter 4.
(structchar_count.tex
LaTeX Font Info:    Trying to load font information for T1+pcr on input line 10
.

(C:\Users\mukun\AppData\Local\Programs\MiKTeX\tex/latex/psnfss\t1pcr.fd
File: t1pcr.fd 2001/06/04 font definitions for T1/pcr.
)
LaTeX Font Info:    Font shape `T1/phv/b/n' will be
(Font)              scaled to size 10.79993pt on input line 12.
LaTeX Font Info:    Trying to load font information for TS1+phv on input line 1
5.

(C:\Users\mukun\AppData\Local\Programs\MiKTeX\tex/latex/psnfss\ts1phv.fd
File: ts1phv.fd 2020/03/25 scalable font definitions for TS1/phv.
)
LaTeX Font Info:    Font shape `TS1/phv/m/n' will be
(Font)              scaled to size 8.99994pt on input line 15.
LaTeX Font Info:    Font shape `T1/phv/m/n' will be
(Font)              scaled to size 7.19995pt on input line 29.
)
[7] [8

]
Chapter 5.
(main_8c.tex <./main_8c__incl.pdf

pdfTeX warning: pdflatex (file ./main_8c__incl.pdf): PDF inclusion: multiple pd
fs with page group included in a single page
>
<main_8c__incl.pdf, id=417, 743.77875pt x 320.19624pt>
File: main_8c__incl.pdf Graphic file (type pdf)
<use main_8c__incl.pdf>
Package pdftex.def Info: main_8c__incl.pdf  used on input line 18.
(pdftex.def)             Requested size: 350.0pt x 150.6779pt.
LaTeX Font Info:    Font shape `T1/phv/m/n' will be
(Font)              scaled to size 8.09995pt on input line 25.
LaTeX Font Info:    Font shape `T1/phv/m/it' in size <9> not available
(Font)              Font shape `T1/phv/m/sl' tried instead on input line 25.
LaTeX Font Info:    Font shape `T1/phv/m/sl' will be
(Font)              scaled to size 8.09995pt on input line 25.
 [9]
LaTeX Font Info:    Font shape `T1/phv/m/it' in size <7> not available
(Font)              Font shape `T1/phv/m/sl' tried instead on input line 49.
LaTeX Font Info:    Font shape `T1/phv/m/sl' will be
(Font)              scaled to size 6.29996pt on input line 49.
LaTeX Font Info:    Font shape `T1/phv/m/it' in size <10> not available
(Font)              Font shape `T1/phv/m/sl' tried instead on input line 52.
LaTeX Font Info:    Font shape `T1/phv/m/sl' will be
(Font)              scaled to size 8.99994pt on input line 52.
LaTeX Font Info:    Font shape `T1/phv/bc/n' will be
(Font)              scaled to size 8.99994pt on input line 86.

Underfull \hbox (badness 10000) detected at line 86
[][][]
 []

 <./main_8c_a8b6c981db3aad686de04545c1e87f33c_cgraph.pdf>
<main_8c_a8b6c981db3aad686de04545c1e87f33c_cgraph.pdf, id=442, 828.09375pt x 50
6.89375pt>
File: main_8c_a8b6c981db3aad686de04545c1e87f33c_cgraph.pdf Graphic file (type p
df)
<use main_8c_a8b6c981db3aad686de04545c1e87f33c_cgraph.pdf>
Package pdftex.def Info: main_8c_a8b6c981db3aad686de04545c1e87f33c_cgraph.pdf  
used on input line 112.
(pdftex.def)             Requested size: 350.0pt x 214.24747pt.
 [10] <./main_8c_ae66f6b31b5ad750f1fe042a706a4e3d4_cgraph.pdf

pdfTeX warning: pdflatex (file ./main_8c_ae66f6b31b5ad750f1fe042a706a4e3d4_cgra
ph.pdf): PDF inclusion: multiple pdfs with page group included in a single page

>
<main_8c_ae66f6b31b5ad750f1fe042a706a4e3d4_cgraph.pdf, id=470, 902.37125pt x 58
2.175pt>
File: main_8c_ae66f6b31b5ad750f1fe042a706a4e3d4_cgraph.pdf Graphic file (type p
df)
<use main_8c_ae66f6b31b5ad750f1fe042a706a4e3d4_cgraph.pdf>
Package pdftex.def Info: main_8c_ae66f6b31b5ad750f1fe042a706a4e3d4_cgraph.pdf  
used on input line 129.
(pdftex.def)             Requested size: 350.0pt x 225.81256pt.
) (spacetype__functions_8c.tex [11] <./spacetype__functions_8c__incl.pdf>
<spacetype__functions_8c__incl.pdf, id=485, 337.26pt x 209.78375pt>
File: spacetype__functions_8c__incl.pdf Graphic file (type pdf)
<use spacetype__functions_8c__incl.pdf>
Package pdftex.def Info: spacetype__functions_8c__incl.pdf  used on input line 
14.
(pdftex.def)             Requested size: 336.0pt x 209.00536pt.
 <./spacetype__functions_8c__dep__incl.pdf

pdfTeX warning: pdflatex (file ./spacetype__functions_8c__dep__incl.pdf): PDF i
nclusion: multiple pdfs with page group included in a single page
>
<spacetype__functions_8c__dep__incl.pdf, id=493, 194.7275pt x 209.78375pt>
File: spacetype__functions_8c__dep__incl.pdf Graphic file (type pdf)
<use spacetype__functions_8c__dep__incl.pdf>
Package pdftex.def Info: spacetype__functions_8c__dep__incl.pdf  used on input 
line 21.
(pdftex.def)             Requested size: 194.0pt x 209.00856pt.
 [12] [13]
Underfull \hbox (badness 10000) detected at line 150
[][][]
 []

LaTeX Font Info:    Font shape `T1/pcr/m/it' in size <8> not available
(Font)              Font shape `T1/pcr/m/sl' tried instead on input line 172.
[14] <./spacetype__functions_8c_a4add847567416989bf9b29e5128662ca_cgraph.pdf

pdfTeX warning: pdflatex (file ./spacetype__functions_8c_a4add847567416989bf9b2
9e5128662ca_cgraph.pdf): PDF inclusion: multiple pdfs with page group included 
in a single page
>
<spacetype__functions_8c_a4add847567416989bf9b29e5128662ca_cgraph.pdf, id=567, 
289.08pt x 99.37125pt>
File: spacetype__functions_8c_a4add847567416989bf9b29e5128662ca_cgraph.pdf Grap
hic file (type pdf)
<use spacetype__functions_8c_a4add847567416989bf9b29e5128662ca_cgraph.pdf>
Package pdftex.def Info: spacetype__functions_8c_a4add847567416989bf9b29e512866
2ca_cgraph.pdf  used on input line 234.
(pdftex.def)             Requested size: 288.0pt x 99.00557pt.
) (spacetype__functions_8h_source.tex [15]) (spacetype__game_8c.tex <./spacetyp
e__game_8c__incl.pdf>
<spacetype__game_8c__incl.pdf, id=594, 337.26pt x 264.99pt>
File: spacetype__game_8c__incl.pdf Graphic file (type pdf)
<use spacetype__game_8c__incl.pdf>
Package pdftex.def Info: spacetype__game_8c__incl.pdf  used on input line 13.
(pdftex.def)             Requested size: 336.0pt x 264.00679pt.
 <./spacetype__game_8c__dep__incl.pdf

pdfTeX warning: pdflatex (file ./spacetype__game_8c__dep__incl.pdf): PDF inclus
ion: multiple pdfs with page group included in a single page
>
<spacetype__game_8c__dep__incl.pdf, id=602, 179.67125pt x 154.5775pt>
File: spacetype__game_8c__dep__incl.pdf Graphic file (type pdf)
<use spacetype__game_8c__dep__incl.pdf>
Package pdftex.def Info: spacetype__game_8c__dep__incl.pdf  used on input line 
20.
(pdftex.def)             Requested size: 179.0pt x 154.01102pt.
 [16] [17]
Underfull \hbox (badness 10000) detected at line 110
[][][]
 []

 <./spacetype__game_8c_a9f1c87c7296779c4c895ca2b13ad2e3e_cgraph.pdf>
<spacetype__game_8c_a9f1c87c7296779c4c895ca2b13ad2e3e_cgraph.pdf, id=647, 247.9
2625pt x 210.7875pt>
File: spacetype__game_8c_a9f1c87c7296779c4c895ca2b13ad2e3e_cgraph.pdf Graphic f
ile (type pdf)
<use spacetype__game_8c_a9f1c87c7296779c4c895ca2b13ad2e3e_cgraph.pdf>
Package pdftex.def Info: spacetype__game_8c_a9f1c87c7296779c4c895ca2b13ad2e3e_c
graph.pdf  used on input line 134.
(pdftex.def)             Requested size: 247.0pt x 210.00218pt.
 [18]
LaTeX Font Info:    Font shape `T1/pcr/m/it' in size <7> not available
(Font)              Font shape `T1/pcr/m/sl' tried instead on input line 141.

[19]) (spacetype__game_8h_source.tex) (spacetype__test_8c.tex <./spacetype__tes
t_8c__dep__incl.pdf>
<spacetype__test_8c__dep__incl.pdf, id=680, 172.645pt x 154.5775pt>
File: spacetype__test_8c__dep__incl.pdf Graphic file (type pdf)
<use spacetype__test_8c__dep__incl.pdf>
Package pdftex.def Info: spacetype__test_8c__dep__incl.pdf  used on input line 
12.
(pdftex.def)             Requested size: 172.0pt x 154.00159pt.
 [20] [21]
Underfull \hbox (badness 10000) detected at line 103
[][][]
 []

 <./spacetype__test_8c_ae1a3968e7947464bee7714f6d43b7002_cgraph.pdf

pdfTeX warning: pdflatex (file ./spacetype__test_8c_ae1a3968e7947464bee7714f6d4
3b7002_cgraph.pdf): PDF inclusion: multiple pdfs with page group included in a 
single page
>
<spacetype__test_8c_ae1a3968e7947464bee7714f6d43b7002_cgraph.pdf, id=723, 455.7
025pt x 136.51pt>
File: spacetype__test_8c_ae1a3968e7947464bee7714f6d43b7002_cgraph.pdf Graphic f
ile (type pdf)
<use spacetype__test_8c_ae1a3968e7947464bee7714f6d43b7002_cgraph.pdf>
Package pdftex.def Info: spacetype__test_8c_ae1a3968e7947464bee7714f6d43b7002_c
graph.pdf  used on input line 125.
(pdftex.def)             Requested size: 350.0pt x 104.84848pt.
 <./spacetype__test_8c_a25ba3fb7af6ebbefc65c74be1ed8e186_cgraph.pdf

pdfTeX warning: pdflatex (file ./spacetype__test_8c_a25ba3fb7af6ebbefc65c74be1e
d8e186_cgraph.pdf): PDF inclusion: multiple pdfs with page group included in a 
single page
>
<spacetype__test_8c_a25ba3fb7af6ebbefc65c74be1ed8e186_cgraph.pdf, id=731, 386.4
4376pt x 136.51pt>
File: spacetype__test_8c_a25ba3fb7af6ebbefc65c74be1ed8e186_cgraph.pdf Graphic f
ile (type pdf)
<use spacetype__test_8c_a25ba3fb7af6ebbefc65c74be1ed8e186_cgraph.pdf>
Package pdftex.def Info: spacetype__test_8c_a25ba3fb7af6ebbefc65c74be1ed8e186_c
graph.pdf  used on input line 142.
(pdftex.def)             Requested size: 350.0pt x 123.63689pt.
 [22] <./spacetype__test_8c_af55403a1d20e95c21ed04315a711d285_cgraph.pdf>
<spacetype__test_8c_af55403a1d20e95c21ed04315a711d285_cgraph.pdf, id=754, 288.0
7625pt x 136.51pt>
File: spacetype__test_8c_af55403a1d20e95c21ed04315a711d285_cgraph.pdf Graphic f
ile (type pdf)
<use spacetype__test_8c_af55403a1d20e95c21ed04315a711d285_cgraph.pdf>
Package pdftex.def Info: spacetype__test_8c_af55403a1d20e95c21ed04315a711d285_c
graph.pdf  used on input line 166.
(pdftex.def)             Requested size: 287.0pt x 136.00557pt.

[23]
Overfull \hbox (15.15619pt too wide) in paragraph at lines 186--187
\T1/pcr/m/n/8 char text1[]300[] = {"Wealth, fame, power. Gold Roger, the King o
f the Pirates, attained everything
 []


Underfull \hbox (badness 10000) in paragraph at lines 186--187
\T1/pcr/m/n/8 this world has to offer. And so, many men head for the Grand Line
 to find the great treasure
 []

) (spacetype__test_8h_source.tex) (spacetype__train_8c.tex <./spacetype__train_
8c__dep__incl.pdf>
<spacetype__train_8c__dep__incl.pdf, id=773, 174.6525pt x 154.5775pt>
File: spacetype__train_8c__dep__incl.pdf Graphic file (type pdf)
<use spacetype__train_8c__dep__incl.pdf>
Package pdftex.def Info: spacetype__train_8c__dep__incl.pdf  used on input line
 12.
(pdftex.def)             Requested size: 174.0pt x 154.00865pt.
 [24] [25]
Underfull \hbox (badness 10000) detected at line 139
[][][]
 []

 <./spacetype__train_8c_a774d816129879166ef7b47827fa13f34_cgraph.pdf

pdfTeX warning: pdflatex (file ./spacetype__train_8c_a774d816129879166ef7b47827
fa13f34_cgraph.pdf): PDF inclusion: multiple pdfs with page group included in a
 single page
>
<spacetype__train_8c_a774d816129879166ef7b47827fa13f34_cgraph.pdf, id=833, 306.
14375pt x 210.7875pt>
File: spacetype__train_8c_a774d816129879166ef7b47827fa13f34_cgraph.pdf Graphic 
file (type pdf)
<use spacetype__train_8c_a774d816129879166ef7b47827fa13f34_cgraph.pdf>
Package pdftex.def Info: spacetype__train_8c_a774d816129879166ef7b47827fa13f34_
cgraph.pdf  used on input line 161.
(pdftex.def)             Requested size: 305.0pt x 210.01184pt.
 [26] <./spacetype__train_8c_a08952319e7c38f34243c26a936d8c38b_cgraph.pdf

pdfTeX warning: pdflatex (file ./spacetype__train_8c_a08952319e7c38f34243c26a93
6d8c38b_cgraph.pdf): PDF inclusion: multiple pdfs with page group included in a
 single page
>
<spacetype__train_8c_a08952319e7c38f34243c26a936d8c38b_cgraph.pdf, id=856, 277.
035pt x 210.7875pt>
File: spacetype__train_8c_a08952319e7c38f34243c26a936d8c38b_cgraph.pdf Graphic 
file (type pdf)
<use spacetype__train_8c_a08952319e7c38f34243c26a936d8c38b_cgraph.pdf>
Package pdftex.def Info: spacetype__train_8c_a08952319e7c38f34243c26a936d8c38b_
cgraph.pdf  used on input line 178.
(pdftex.def)             Requested size: 276.0pt x 210.00218pt.
 [27] <./spacetype__train_8c_abda48979ae2115375b8a9123d9bf99d8_cgraph.pdf>
<spacetype__train_8c_abda48979ae2115375b8a9123d9bf99d8_cgraph.pdf, id=872, 508.
90125pt x 285.065pt>
File: spacetype__train_8c_abda48979ae2115375b8a9123d9bf99d8_cgraph.pdf Graphic 
file (type pdf)
<use spacetype__train_8c_abda48979ae2115375b8a9123d9bf99d8_cgraph.pdf>
Package pdftex.def Info: spacetype__train_8c_abda48979ae2115375b8a9123d9bf99d8_
cgraph.pdf  used on input line 195.
(pdftex.def)             Requested size: 350.0pt x 196.06435pt.
 <./spacetype__train_8c_ae46d5ffa05bceb73109a5c717f13085c_cgraph.pdf

pdfTeX warning: pdflatex (file ./spacetype__train_8c_ae46d5ffa05bceb73109a5c717
f13085c_cgraph.pdf): PDF inclusion: multiple pdfs with page group included in a
 single page
>
<spacetype__train_8c_ae46d5ffa05bceb73109a5c717f13085c_cgraph.pdf, id=880, 506.
89375pt x 285.065pt>
File: spacetype__train_8c_ae46d5ffa05bceb73109a5c717f13085c_cgraph.pdf Graphic 
file (type pdf)
<use spacetype__train_8c_ae46d5ffa05bceb73109a5c717f13085c_cgraph.pdf>
Package pdftex.def Info: spacetype__train_8c_ae46d5ffa05bceb73109a5c717f13085c_
cgraph.pdf  used on input line 212.
(pdftex.def)             Requested size: 350.0pt x 196.83424pt.
 [28] <./spacetype__train_8c_a58a9e39b3626c1bb7e4e959b36bf43d7_cgraph.pdf>
<spacetype__train_8c_a58a9e39b3626c1bb7e4e959b36bf43d7_cgraph.pdf, id=895, 710.
655pt x 334.24875pt>
File: spacetype__train_8c_a58a9e39b3626c1bb7e4e959b36bf43d7_cgraph.pdf Graphic 
file (type pdf)
<use spacetype__train_8c_a58a9e39b3626c1bb7e4e959b36bf43d7_cgraph.pdf>
Package pdftex.def Info: spacetype__train_8c_a58a9e39b3626c1bb7e4e959b36bf43d7_
cgraph.pdf  used on input line 249.
(pdftex.def)             Requested size: 350.0pt x 164.62485pt.
 <./spacetype__train_8c_ab348f26a0c1dd03ac6671c03b90efa5e_cgraph.pdf

pdfTeX warning: pdflatex (file ./spacetype__train_8c_ab348f26a0c1dd03ac6671c03b
90efa5e_cgraph.pdf): PDF inclusion: multiple pdfs with page group included in a
 single page
>
<spacetype__train_8c_ab348f26a0c1dd03ac6671c03b90efa5e_cgraph.pdf, id=903, 639.
38875pt x 295.1025pt>
File: spacetype__train_8c_ab348f26a0c1dd03ac6671c03b90efa5e_cgraph.pdf Graphic 
file (type pdf)
<use spacetype__train_8c_ab348f26a0c1dd03ac6671c03b90efa5e_cgraph.pdf>
Package pdftex.def Info: spacetype__train_8c_ab348f26a0c1dd03ac6671c03b90efa5e_
cgraph.pdf  used on input line 266.
(pdftex.def)             Requested size: 350.0pt x 161.54137pt.
 [29] <./spacetype__train_8c_a3d854df91ebc16ceb8135872b1252e68_cgraph.pdf>
<spacetype__train_8c_a3d854df91ebc16ceb8135872b1252e68_cgraph.pdf, id=917, 380.
42125pt x 285.065pt>
File: spacetype__train_8c_a3d854df91ebc16ceb8135872b1252e68_cgraph.pdf Graphic 
file (type pdf)
<use spacetype__train_8c_a3d854df91ebc16ceb8135872b1252e68_cgraph.pdf>
Package pdftex.def Info: spacetype__train_8c_a3d854df91ebc16ceb8135872b1252e68_
cgraph.pdf  used on input line 283.
(pdftex.def)             Requested size: 350.0pt x 262.27603pt.

[30] <./spacetype__train_8c_a9b71b1145b442c758139bf3b462b56b7_cgraph.pdf>
<spacetype__train_8c_a9b71b1145b442c758139bf3b462b56b7_cgraph.pdf, id=932, 276.
03125pt x 247.92625pt>
File: spacetype__train_8c_a9b71b1145b442c758139bf3b462b56b7_cgraph.pdf Graphic 
file (type pdf)
<use spacetype__train_8c_a9b71b1145b442c758139bf3b462b56b7_cgraph.pdf>
Package pdftex.def Info: spacetype__train_8c_a9b71b1145b442c758139bf3b462b56b7_
cgraph.pdf  used on input line 300.
(pdftex.def)             Requested size: 275.0pt x 247.02527pt.

[31]) (spacetype__train_8h_source.tex) [32] (refman.ind [33



] [34

]) (refman.aux)

LaTeX Warning: There were undefined references.

Package rerunfilecheck Info: File `refman.out' has not changed.
(rerunfilecheck)             Checksum: D1A8EEAB00D5ACBC826EB55B9796BC19;11806.
 ) 
Here is how much of TeX's memory you used:
 18624 strings out of 475385
 324385 string characters out of 2776907
 668557 words of memory out of 3000000
 39346 multiletter control sequences out of 15000+600000
 528635 words of font info for 104 fonts, out of 8000000 for 9000
 1141 hyphenation exceptions out of 8191
 99i,16n,117p,4570b,742s stack positions out of 10000i,1000n,20000p,200000b,80000s
{C:/Users/mukun/AppData/Local/Programs/MiKTeX/fonts/enc/dvips/base/8r.enc}<C:
/Users/mukun/AppData/Local/Programs/MiKTeX/fonts/type1/public/amsfonts/cm/cmmi1
0.pfb><C:/Users/mukun/AppData/Local/Programs/MiKTeX/fonts/type1/public/amsfonts
/cm/cmsy10.pfb><C:/Users/mukun/AppData/Local/Programs/MiKTeX/fonts/type1/public
/amsfonts/cm/cmsy8.pfb><C:/Users/mukun/AppData/Local/Programs/MiKTeX/fonts/type
1/public/amsfonts/cm/cmsy9.pfb><C:/Users/mukun/AppData/Local/Programs/MiKTeX/fo
nts/type1/urw/courier/ucrr8a.pfb><C:/Users/mukun/AppData/Local/Programs/MiKTeX/
fonts/type1/urw/courier/ucrro8a.pfb><C:/Users/mukun/AppData/Local/Programs/MiKT
eX/fonts/type1/urw/helvetic/uhvb8a.pfb><C:/Users/mukun/AppData/Local/Programs/M
iKTeX/fonts/type1/urw/helvetic/uhvb8ac.pfb><C:/Users/mukun/AppData/Local/Progra
ms/MiKTeX/fonts/type1/urw/helvetic/uhvr8a.pfb><C:/Users/mukun/AppData/Local/Pro
grams/MiKTeX/fonts/type1/urw/helvetic/uhvro8a.pfb>
Output written on refman.pdf (38 pages, 648951 bytes).
PDF statistics:
 1143 PDF objects out of 1200 (max. 8388607)
 291 named destinations out of 1000 (max. 500000)
 615 words of extra memory for PDF output out of 10000 (max. 10000000)

