This is pdfTeX, Version 3.141592653-2.6-1.40.24 (MiKTeX 22.10) (preloaded format=pdflatex 2023.1.16)  17 JAN 2023 09:15
entering extended mode
 restricted \write18 enabled.
 %&-line parsing enabled.
**./refman.tex
(refman.tex
LaTeX2e <2022-06-01> patch level 5
L3 programming layer <2022-09-28>
(C:\Users\mukun\AppData\Local\Programs\MiKTeX\tex/latex/base\book.cls
Document Class: book 2021/10/04 v1.4n Standard LaTeX document class
(C:\Users\mukun\AppData\Local\Programs\MiKTeX\tex/latex/base\bk10.clo
File: bk10.clo 2021/10/04 v1.4n Standard LaTeX file (size option)
)
\c@part=\count185
\c@chapter=\count186
\c@section=\count187
\c@subsection=\count188
\c@subsubsection=\count189
\c@paragraph=\count190
\c@subparagraph=\count191
\c@figure=\count192
\c@table=\count193
\abovecaptionskip=\skip47
\belowcaptionskip=\skip48
\bibindent=\dimen138
)
(C:\Users\mukun\AppData\Local\Programs\MiKTeX\tex/latex/base\ifthen.sty
Package: ifthen 2022/04/13 v1.1d Standard LaTeX ifthen package (DPC)
)
(C:\Users\mukun\AppData\Local\Programs\MiKTeX\tex/latex/tools\array.sty
Rollback for package 'array' requested -> date 2016-10-06.
         Best approximation is the release introduced on 2016-10-06.

(C:\Users\mukun\AppData\Local\Programs\MiKTeX\tex/latex/tools\array-2016-10-06.
sty
Package: array 2016/10/06 v2.4d Tabular extension package (FMi)
\col@sep=\dimen139
\extrarowheight=\dimen140
\NC@list=\toks16
\extratabsurround=\skip49
\backup@length=\skip50
)) (C:\Users\mukun\AppData\Local\Programs\MiKTeX\tex/latex/base\fixltx2e.sty
Package: fixltx2e 2016/12/29 v2.1a fixes to LaTeX (obsolete)
Applying: [2015/01/01] Old fixltx2e package on input line 46.

Package fixltx2e Warning: fixltx2e is not required with releases after 2015
(fixltx2e)                All fixes are now in the LaTeX kernel.
(fixltx2e)                See the latexrelease package for details.

Already applied: [0000/00/00] Old fixltx2e package on input line 53.
) (doxygen.sty
Package: doxygen 

(C:\Users\mukun\AppData\Local\Programs\MiKTeX\tex/latex/base\alltt.sty
Package: alltt 2021/01/29 v2.0g defines alltt environment
)
(C:\Users\mukun\AppData\Local\Programs\MiKTeX\tex/latex/tools\calc.sty
Package: calc 2017/05/25 v4.3 Infix arithmetic (KKT,FJ)
\calc@Acount=\count194
\calc@Bcount=\count195
\calc@Adimen=\dimen141
\calc@Bdimen=\dimen142
\calc@Askip=\skip51
\calc@Bskip=\skip52
LaTeX Info: Redefining \setlength on input line 80.
LaTeX Info: Redefining \addtolength on input line 81.
\calc@Ccount=\count196
\calc@Cskip=\skip53
)
(C:\Users\mukun\AppData\Local\Programs\MiKTeX\tex/latex/float\float.sty
Package: float 2001/11/08 v1.3d Float enhancements (AL)
\c@float@type=\count197
\float@exts=\toks17
\float@box=\box51
\@float@everytoks=\toks18
\@floatcapt=\box52
)
(C:\Users\mukun\AppData\Local\Programs\MiKTeX\tex/latex/tools\verbatim.sty
Package: verbatim 2020-07-07 v1.5u LaTeX2e package for verbatim enhancements
\every@verbatim=\toks19
\verbatim@line=\toks20
\verbatim@in@stream=\read2
)
(C:\Users\mukun\AppData\Local\Programs\MiKTeX\tex/latex/xcolor\xcolor.sty
Package: xcolor 2022/06/12 v2.14 LaTeX color extensions (UK)

(C:\Users\mukun\AppData\Local\Programs\MiKTeX\tex/latex/graphics-cfg\color.cfg
File: color.cfg 2016/01/02 v1.6 sample color configuration
)
Package xcolor Info: Driver file: pdftex.def on input line 227.

(C:\Users\mukun\AppData\Local\Programs\MiKTeX\tex/latex/graphics-def\pdftex.def
File: pdftex.def 2022/09/22 v1.2b Graphics/color driver for pdftex
\stockwidth=\dimen143
\stockheight=\dimen144
) (C:\Users\mukun\AppData\Local\Programs\MiKTeX\tex/latex/colortbl\colortbl.sty
Package: colortbl 2022/06/20 v1.0f Color table columns (DPC)
\everycr=\toks21
\minrowclearance=\skip54
\rownum=\count198
)
(C:\Users\mukun\AppData\Local\Programs\MiKTeX\tex/latex/graphics\mathcolor.ltx)
Package xcolor Info: Model `cmy' substituted by `cmy0' on input line 1353.
Package xcolor Info: Model `hsb' substituted by `rgb' on input line 1357.
Package xcolor Info: Model `RGB' extended on input line 1369.
Package xcolor Info: Model `HTML' substituted by `rgb' on input line 1371.
Package xcolor Info: Model `Hsb' substituted by `hsb' on input line 1372.
Package xcolor Info: Model `tHsb' substituted by `hsb' on input line 1373.
Package xcolor Info: Model `HSB' substituted by `hsb' on input line 1374.
Package xcolor Info: Model `Gray' substituted by `gray' on input line 1375.
Package xcolor Info: Model `wave' substituted by `hsb' on input line 1376.
) (longtable_doxygen.sty
Package: longtable_doxygen 2014/10/28 v4.11 Multi-page Table package (DPC) - fr
ozen version for doxygen
\LTleft=\skip55
\LTright=\skip56
\LTpre=\skip57
\LTpost=\skip58
\LTchunksize=\count199
\LTcapwidth=\dimen145
\LT@head=\box53
\LT@firsthead=\box54
\LT@foot=\box55
\LT@lastfoot=\box56
\LT@cols=\count266
\LT@rows=\count267
\c@LT@tables=\count268
\c@LT@chunks=\count269
\LT@p@ftn=\toks22
) (tabu_doxygen.sty
Package: tabu_doxygen 2011/02/26 v2.8 - flexible LaTeX tabulars (FC), frozen ve
rsion for doxygen

(C:\Users\mukun\AppData\Local\Programs\MiKTeX\tex/latex/varwidth\varwidth.sty
Package: varwidth 2009/03/30 ver 0.92;  Variable-width minipages
\@vwid@box=\box57
\sift@deathcycles=\count270
\@vwid@loff=\dimen146
\@vwid@roff=\dimen147
)
\c@taburow=\count271
\tabu@nbcols=\count272
\tabu@cnt=\count273
\tabu@Xcol=\count274
\tabu@alloc=\count275
\tabu@nested=\count276
\tabu@target=\dimen148
\tabu@spreadtarget=\dimen149
\tabu@naturalX=\dimen150
\tabucolX=\dimen151
\tabu@Xsum=\dimen152
\extrarowdepth=\dimen153
\abovetabulinesep=\dimen154
\belowtabulinesep=\dimen155
\tabustrutrule=\dimen156
\tabu@thebody=\toks23
\tabu@footnotes=\toks24
\tabu@box=\box58
\tabu@arstrutbox=\box59
\tabu@hleads=\box60
\tabu@vleads=\box61
\tabu@cellskip=\skip59
) (C:\Users\mukun\AppData\Local\Programs\MiKTeX\tex/latex/fancyvrb\fancyvrb.sty
Package: fancyvrb 2022/06/06 4.5 verbatim text (tvz,hv)

(C:\Users\mukun\AppData\Local\Programs\MiKTeX\tex/latex/graphics\keyval.sty
Package: keyval 2022/05/29 v1.15 key=value parser (DPC)
\KV@toks@=\toks25
)
\FV@CodeLineNo=\count277
\FV@InFile=\read3
\FV@TabBox=\box62
\c@FancyVerbLine=\count278
\FV@StepNumber=\count279
\FV@OutFile=\write3
)
(C:\Users\mukun\AppData\Local\Programs\MiKTeX\tex/latex/tools\tabularx.sty
Package: tabularx 2020/01/15 v2.11c `tabularx' package (DPC)
\TX@col@width=\dimen157
\TX@old@table=\dimen158
\TX@old@col=\dimen159
\TX@target=\dimen160
\TX@delta=\dimen161
\TX@cols=\count280
\TX@ftn=\toks26
)
(C:\Users\mukun\AppData\Local\Programs\MiKTeX\tex/latex/tools\multicol.sty
Package: multicol 2021/11/30 v1.9d multicolumn formatting (FMi)
\c@tracingmulticols=\count281
\mult@box=\box63
\multicol@leftmargin=\dimen162
\c@unbalance=\count282
\c@collectmore=\count283
\doublecol@number=\count284
\multicoltolerance=\count285
\multicolpretolerance=\count286
\full@width=\dimen163
\page@free=\dimen164
\premulticols=\dimen165
\postmulticols=\dimen166
\multicolsep=\skip60
\multicolbaselineskip=\skip61
\partial@page=\box64
\last@line=\box65
\maxbalancingoverflow=\dimen167
\mult@rightbox=\box66
\mult@grightbox=\box67
\mult@firstbox=\box68
\mult@gfirstbox=\box69
\@tempa=\box70
\@tempa=\box71
\@tempa=\box72
\@tempa=\box73
\@tempa=\box74
\@tempa=\box75
\@tempa=\box76
\@tempa=\box77
\@tempa=\box78
\@tempa=\box79
\@tempa=\box80
\@tempa=\box81
\@tempa=\box82
\@tempa=\box83
\@tempa=\box84
\@tempa=\box85
\@tempa=\box86
\@tempa=\box87
\@tempa=\box88
\@tempa=\box89
\@tempa=\box90
\@tempa=\box91
\@tempa=\box92
\@tempa=\box93
\@tempa=\box94
\@tempa=\box95
\@tempa=\box96
\@tempa=\box97
\@tempa=\box98
\@tempa=\box99
\@tempa=\box100
\@tempa=\box101
\@tempa=\box102
\@tempa=\box103
\@tempa=\box104
\@tempa=\box105
\c@minrows=\count287
\c@columnbadness=\count288
\c@finalcolumnbadness=\count289
\last@try=\dimen168
\multicolovershoot=\dimen169
\multicolundershoot=\dimen170
\mult@nat@firstbox=\box106
\colbreak@box=\box107
\mc@col@check@num=\count290
)
(C:\Users\mukun\AppData\Local\Programs\MiKTeX\tex/latex/multirow\multirow.sty
Package: multirow 2021/03/15 v2.8 Span multiple rows of a table
\multirow@colwidth=\skip62
\multirow@cntb=\count291
\multirow@dima=\skip63
\bigstrutjot=\dimen171
)
(C:\Users\mukun\AppData\Local\Programs\MiKTeX\tex/latex/hanging\hanging.sty
Package: hanging 2009/09/02 v1.2b hanging paragraphs and punctuation
\h@ngcommawd=\skip64
\h@ngfstopwd=\skip65
\h@ngquotewd=\skip66
\h@ngdquotewd=\skip67
\h@ngquerywd=\skip68
\h@ngexclwd=\skip69
\h@ngcolonwd=\skip70
\h@ngscolonwd=\skip71
)
(C:\Users\mukun\AppData\Local\Programs\MiKTeX\tex/generic/iftex\ifpdf.sty
Package: ifpdf 2019/10/25 v3.4 ifpdf legacy package. Use iftex instead.

(C:\Users\mukun\AppData\Local\Programs\MiKTeX\tex/generic/iftex\iftex.sty
Package: iftex 2022/02/03 v1.0f TeX engine tests
))
(C:\Users\mukun\AppData\Local\Programs\MiKTeX\tex/latex/adjustbox\adjustbox.sty
Package: adjustbox 2022/10/17 v1.3a Adjusting TeX boxes (trim, clip, ...)
(C:\Users\mukun\AppData\Local\Programs\MiKTeX\tex/latex/xkeyval\xkeyval.sty
Package: xkeyval 2022/06/16 v2.9 package option processing (HA)

(C:\Users\mukun\AppData\Local\Programs\MiKTeX\tex/generic/xkeyval\xkeyval.tex
(C:\Users\mukun\AppData\Local\Programs\MiKTeX\tex/generic/xkeyval\xkvutils.tex
\XKV@toks=\toks27
\XKV@tempa@toks=\toks28
)
\XKV@depth=\count292
File: xkeyval.tex 2014/12/03 v2.7a key=value parser (HA)
))
(C:\Users\mukun\AppData\Local\Programs\MiKTeX\tex/latex/adjustbox\adjcalc.sty
Package: adjcalc 2012/05/16 v1.1 Provides advanced setlength with multiple back
-ends (calc, etex, pgfmath)
)
(C:\Users\mukun\AppData\Local\Programs\MiKTeX\tex/latex/adjustbox\trimclip.sty
Package: trimclip 2020/08/19 v1.2 Trim and clip general TeX material

(C:\Users\mukun\AppData\Local\Programs\MiKTeX\tex/latex/graphics\graphicx.sty
Package: graphicx 2021/09/16 v1.2d Enhanced LaTeX Graphics (DPC,SPQR)

(C:\Users\mukun\AppData\Local\Programs\MiKTeX\tex/latex/graphics\graphics.sty
Package: graphics 2022/03/10 v1.4e Standard LaTeX Graphics (DPC,SPQR)

(C:\Users\mukun\AppData\Local\Programs\MiKTeX\tex/latex/graphics\trig.sty
Package: trig 2021/08/11 v1.11 sin cos tan (DPC)
)
(C:\Users\mukun\AppData\Local\Programs\MiKTeX\tex/latex/graphics-cfg\graphics.c
fg
File: graphics.cfg 2016/06/04 v1.11 sample graphics configuration
)
Package graphics Info: Driver file: pdftex.def on input line 107.
)
\Gin@req@height=\dimen172
\Gin@req@width=\dimen173
)
(C:\Users\mukun\AppData\Local\Programs\MiKTeX\tex/latex/collectbox\collectbox.s
ty
Package: collectbox 2022/10/17 v0.4c Collect macro arguments as boxes
\collectedbox=\box108
)
\tc@llx=\dimen174
\tc@lly=\dimen175
\tc@urx=\dimen176
\tc@ury=\dimen177
Package trimclip Info: Using driver 'tc-pdftex.def'.

(C:\Users\mukun\AppData\Local\Programs\MiKTeX\tex/latex/adjustbox\tc-pdftex.def
File: tc-pdftex.def 2019/01/04 v2.2 Clipping driver for pdftex
))
\adjbox@Width=\dimen178
\adjbox@Height=\dimen179
\adjbox@Depth=\dimen180
\adjbox@Totalheight=\dimen181
\adjbox@pwidth=\dimen182
\adjbox@pheight=\dimen183
\adjbox@pdepth=\dimen184
\adjbox@ptotalheight=\dimen185

(C:\Users\mukun\AppData\Local\Programs\MiKTeX\tex/latex/ifoddpage\ifoddpage.sty
Package: ifoddpage 2022/10/18 v1.2 Conditionals for odd/even page detection
\c@checkoddpage=\count293
)) (C:\Users\mukun\AppData\Local\Programs\MiKTeX\tex/latex/amsfonts\amssymb.sty
Package: amssymb 2013/01/14 v3.01 AMS font symbols
(C:\Users\mukun\AppData\Local\Programs\MiKTeX\tex/latex/amsfonts\amsfonts.sty
Package: amsfonts 2013/01/14 v3.01 Basic AMSFonts support
\@emptytoks=\toks29
\symAMSa=\mathgroup4
\symAMSb=\mathgroup5
LaTeX Font Info:    Redeclaring math symbol \hbar on input line 98.
LaTeX Font Info:    Overwriting math alphabet `\mathfrak' in version `bold'
(Font)                  U/euf/m/n --> U/euf/b/n on input line 106.
))
(C:\Users\mukun\AppData\Local\Programs\MiKTeX\tex/latex/stackengine\stackengine
.sty
Package: stackengine 2021/07/22 v4.11\ Stacking text and objects in convenient 
ways

(C:\Users\mukun\AppData\Local\Programs\MiKTeX\tex/latex/etoolbox\etoolbox.sty
Package: etoolbox 2020/10/05 v2.5k e-TeX tools for LaTeX (JAW)
\etb@tempcnta=\count294
)
(C:\Users\mukun\AppData\Local\Programs\MiKTeX\tex/latex/listofitems\listofitems
.sty
(C:\Users\mukun\AppData\Local\Programs\MiKTeX\tex/generic/listofitems\listofite
ms.tex
\loi_cnt_foreach_nest=\count295
\loi_nestcnt=\count296
)
Package: listofitems 2019/08/21 v1.63 Grab items in lists using user-specified 
sep char (CT)
)
\c@@stackindex=\count297
\@boxshift=\skip72
\stack@tmplength=\skip73
\temp@stkl=\skip74
\@stackedboxwidth=\skip75
\@addedbox=\box109
\@anchorbox=\box110
\@insetbox=\box111
\se@backgroundbox=\box112
\stackedbox=\box113
\@centerbox=\box114
\c@ROWcellindex@=\count298
)
(C:\Users\mukun\AppData\Local\Programs\MiKTeX\tex/latex/enumitem\enumitem.sty
Package: enumitem 2019/06/20 v3.9 Customized lists
\labelindent=\skip76
\enit@outerparindent=\dimen186
\enit@toks=\toks30
\enit@inbox=\box115
\enit@count@id=\count299
\enitdp@description=\count300
)
(C:\Users\mukun\AppData\Local\Programs\MiKTeX\tex/generic/alphalph\alphalph.sty
Package: alphalph 2019/12/09 v2.6 Convert numbers to letters (HO)

(C:\Users\mukun\AppData\Local\Programs\MiKTeX\tex/generic/infwarerr\infwarerr.s
ty
Package: infwarerr 2019/12/03 v1.5 Providing info/warning/error messages (HO)
)
(C:\Users\mukun\AppData\Local\Programs\MiKTeX\tex/generic/intcalc\intcalc.sty
Package: intcalc 2019/12/15 v1.3 Expandable calculations with integers (HO)
)) (C:\Users\mukun\AppData\Local\Programs\MiKTeX\tex/latex/ulem\ulem.sty
\UL@box=\box116
\UL@hyphenbox=\box117
\UL@skip=\skip77
\UL@hook=\toks31
\UL@height=\dimen187
\UL@pe=\count301
\UL@pixel=\dimen188
\ULC@box=\box118
Package: ulem 2019/11/18
\ULdepth=\dimen189
)
\xrefbox=\box119
\xreflength=\skip78
\CodeWidthChar=\skip79
\CodeHeightChar=\skip80
\DoxyCodeWidth=\skip81
\c@DoxyEnumeratei=\count302
\c@DoxyEnumerateii=\count303
\c@DoxyEnumerateiii=\count304
\c@DoxyEnumerateiv=\count305
\c@DoxyEnumeratev=\count306
\c@DoxyEnumeratevi=\count307
\c@DoxyEnumeratevii=\count308
\c@DoxyEnumerateviii=\count309
\c@DoxyEnumerateix=\count310
\c@DoxyEnumeratex=\count311
\c@DoxyEnumeratexi=\count312
\c@DoxyEnumeratexii=\count313
\enitdp@DoxyEnumerate=\count314
\enitdp@DoxyItemize=\count315
)
(C:\Users\mukun\AppData\Local\Programs\MiKTeX\tex/latex/base\inputenc.sty
Package: inputenc 2021/02/14 v1.3d Input encoding file
\inpenc@prehook=\toks32
\inpenc@posthook=\toks33
)
(C:\Users\mukun\AppData\Local\Programs\MiKTeX\tex/latex/base\makeidx.sty
Package: makeidx 2021/10/04 v1.0m Standard LaTeX package
)
(C:\Users\mukun\AppData\Local\Programs\MiKTeX\tex/latex/base\textcomp.sty
Package: textcomp 2020/02/02 v2.0n Standard LaTeX package
)
(C:\Users\mukun\AppData\Local\Programs\MiKTeX\tex/latex/wasysym\wasysym.sty
Package: wasysym 2020/01/19 v2.4 Wasy-2 symbol support package
\symwasy=\mathgroup6
LaTeX Font Info:    Overwriting symbol font `wasy' in version `bold'
(Font)                  U/wasy/m/n --> U/wasy/b/n on input line 93.
)
(C:\Users\mukun\AppData\Local\Programs\MiKTeX\tex/generic/iftex\ifxetex.sty
Package: ifxetex 2019/10/25 v0.7 ifxetex legacy package. Use iftex instead.
)
(C:\Users\mukun\AppData\Local\Programs\MiKTeX\tex/latex/base\fontenc.sty
Package: fontenc 2021/04/29 v2.0v Standard LaTeX package
)
(C:\Users\mukun\AppData\Local\Programs\MiKTeX\tex/latex/psnfss\helvet.sty
Package: helvet 2020/03/25 PSNFSS-v9.3 (WaS) 
)
(C:\Users\mukun\AppData\Local\Programs\MiKTeX\tex/latex/psnfss\courier.sty
Package: courier 2020/03/25 PSNFSS-v9.3 (WaS) 
)
(C:\Users\mukun\AppData\Local\Programs\MiKTeX\tex/latex/sectsty\sectsty.sty
Package: sectsty 2002/02/25 v2.0.2 Commands to change all sectional heading sty
les


LaTeX Warning: Command \underbar  has changed.
               Check if current package is valid.


LaTeX Warning: Command \underline  has changed.
               Check if current package is valid.

) (C:\Users\mukun\AppData\Local\Programs\MiKTeX\tex/latex/geometry\geometry.sty
Package: geometry 2020/01/02 v5.9 Page Geometry
(C:\Users\mukun\AppData\Local\Programs\MiKTeX\tex/generic/iftex\ifvtex.sty
Package: ifvtex 2019/10/25 v1.7 ifvtex legacy package. Use iftex instead.
)
\Gm@cnth=\count316
\Gm@cntv=\count317
\c@Gm@tempcnt=\count318
\Gm@bindingoffset=\dimen190
\Gm@wd@mp=\dimen191
\Gm@odd@mp=\dimen192
\Gm@even@mp=\dimen193
\Gm@layoutwidth=\dimen194
\Gm@layoutheight=\dimen195
\Gm@layouthoffset=\dimen196
\Gm@layoutvoffset=\dimen197
\Gm@dimlist=\toks34

(C:\Users\mukun\AppData\Local\Programs\MiKTeX\tex/latex/geometry\geometry.cfg))

(C:\Users\mukun\AppData\Local\Programs\MiKTeX\tex/latex/changepage\changepage.s
ty
Package: changepage 2009/10/20 v1.0c check page and change page layout
\c@cp@cntr=\count319
\cp@tempcnt=\count320
LaTeX Info: Redefining \checkoddpage on input line 59.
)
(C:\Users\mukun\AppData\Local\Programs\MiKTeX\tex/latex/fancyhdr\fancyhdr.sty
Package: fancyhdr 2022/11/09 v4.1 Extensive control of page headers and footers

\f@nch@headwidth=\skip82
\f@nch@O@elh=\skip83
\f@nch@O@erh=\skip84
\f@nch@O@olh=\skip85
\f@nch@O@orh=\skip86
\f@nch@O@elf=\skip87
\f@nch@O@erf=\skip88
\f@nch@O@olf=\skip89
\f@nch@O@orf=\skip90
)
(C:\Users\mukun\AppData\Local\Programs\MiKTeX\tex/latex/natbib\natbib.sty
Package: natbib 2010/09/13 8.31b (PWD, AO)
\bibhang=\skip91
\bibsep=\skip92
LaTeX Info: Redefining \cite on input line 694.
\c@NAT@ctr=\count321
)
(C:\Users\mukun\AppData\Local\Programs\MiKTeX\tex/latex/tocloft\tocloft.sty
Package: tocloft 2017/08/31 v2.3i parameterised ToC, etc., typesetting
Package tocloft Info: The document has chapter divisions on input line 51.
\cftparskip=\skip93
\cftbeforetoctitleskip=\skip94
\cftaftertoctitleskip=\skip95
\cftbeforepartskip=\skip96
\cftpartnumwidth=\skip97
\cftpartindent=\skip98
\cftbeforechapskip=\skip99
\cftchapindent=\skip100
\cftchapnumwidth=\skip101
\cftbeforesecskip=\skip102
\cftsecindent=\skip103
\cftsecnumwidth=\skip104
\cftbeforesubsecskip=\skip105
\cftsubsecindent=\skip106
\cftsubsecnumwidth=\skip107
\cftbeforesubsubsecskip=\skip108
\cftsubsubsecindent=\skip109
\cftsubsubsecnumwidth=\skip110
\cftbeforeparaskip=\skip111
\cftparaindent=\skip112
\cftparanumwidth=\skip113
\cftbeforesubparaskip=\skip114
\cftsubparaindent=\skip115
\cftsubparanumwidth=\skip116
\cftbeforeloftitleskip=\skip117
\cftafterloftitleskip=\skip118
\cftbeforefigskip=\skip119
\cftfigindent=\skip120
\cftfignumwidth=\skip121
\c@lofdepth=\count322
\c@lotdepth=\count323
\cftbeforelottitleskip=\skip122
\cftafterlottitleskip=\skip123
\cftbeforetabskip=\skip124
\cfttabindent=\skip125
\cfttabnumwidth=\skip126
)
\@indexfile=\write4
\openout4 = `refman.idx'.


Writing index file refman.idx

(C:\Users\mukun\AppData\Local\Programs\MiKTeX\tex/latex/newunicodechar\newunico
dechar.sty
Package: newunicodechar 2018/04/08 v1.2 Defining Unicode characters
)

Package newunicodechar Warning: Redefining Unicode character on input line 117.



Package newunicodechar Warning: Redefining Unicode character on input line 118.


(C:\Users\mukun\AppData\Local\Programs\MiKTeX\tex/latex/caption\caption.sty
Package: caption 2022/03/01 v3.6b Customizing captions (AR)

(C:\Users\mukun\AppData\Local\Programs\MiKTeX\tex/latex/caption\caption3.sty
Package: caption3 2022/03/17 v2.3b caption3 kernel (AR)
\caption@tempdima=\dimen198
\captionmargin=\dimen199
\caption@leftmargin=\dimen256
\caption@rightmargin=\dimen257
\caption@width=\dimen258
\caption@indent=\dimen259
\caption@parindent=\dimen260
\caption@hangindent=\dimen261
Package caption Info: Standard document class detected.
)
\c@caption@flags=\count324
\c@continuedfloat=\count325
Package caption Info: changepage package is loaded.
\caption@adjustwidth@hsize=\dimen262
\caption@adjustwidth@linewidth=\dimen263
Package caption Info: float package is loaded.
Package caption Info: longtable package is loaded.

(C:\Users\mukun\AppData\Local\Programs\MiKTeX\tex/latex/caption\ltcaption.sty
Package: ltcaption 2021/01/08 v1.4c longtable captions (AR)
)) (C:\Users\mukun\AppData\Local\Programs\MiKTeX\tex/latex/etoc\etoc.sty
Package: etoc 2022/11/21 v1.09i Completely customisable TOCs (JFB)
\Etoc@toctoks=\toks35
\c@etoc@tocid=\count326
\c@etoc@tocdepth=\count327
\etoc@framed@titlebox=\box120
\etoc@framed@contentsbox=\box121
)
LaTeX Font Info:    Trying to load font information for T1+phv on input line 13
5.

(C:\Users\mukun\AppData\Local\Programs\MiKTeX\tex/latex/psnfss\t1phv.fd
File: t1phv.fd 2020/03/25 scalable font definitions for T1/phv.
)
LaTeX Font Info:    Font shape `T1/phv/m/n' will be
(Font)              scaled to size 8.99994pt on input line 135.

(C:\Users\mukun\AppData\Local\Programs\MiKTeX\tex/latex/l3backend\l3backend-pdf
tex.def
File: l3backend-pdftex.def 2022-09-28 L3 backend support: PDF output (pdfTeX)
\l__color_backend_stack_int=\count328
\l__pdf_internal_box=\box122
) (refman.aux)
\openout1 = `refman.aux'.

LaTeX Font Info:    Checking defaults for OML/cmm/m/it on input line 135.
LaTeX Font Info:    ... okay on input line 135.
LaTeX Font Info:    Checking defaults for OMS/cmsy/m/n on input line 135.
LaTeX Font Info:    ... okay on input line 135.
LaTeX Font Info:    Checking defaults for OT1/cmr/m/n on input line 135.
LaTeX Font Info:    ... okay on input line 135.
LaTeX Font Info:    Checking defaults for T1/cmr/m/n on input line 135.
LaTeX Font Info:    ... okay on input line 135.
LaTeX Font Info:    Checking defaults for TS1/cmr/m/n on input line 135.
LaTeX Font Info:    ... okay on input line 135.
LaTeX Font Info:    Checking defaults for OMX/cmex/m/n on input line 135.
LaTeX Font Info:    ... okay on input line 135.
LaTeX Font Info:    Checking defaults for U/cmr/m/n on input line 135.
LaTeX Font Info:    ... okay on input line 135.

(C:\Users\mukun\AppData\Local\Programs\MiKTeX\tex/context/base/mkii\supp-pdf.mk
ii
[Loading MPS to PDF converter (version 2006.09.02).]
\scratchcounter=\count329
\scratchdimen=\dimen264
\scratchbox=\box123
\nofMPsegments=\count330
\nofMParguments=\count331
\everyMPshowfont=\toks36
\MPscratchCnt=\count332
\MPscratchDim=\dimen265
\MPnumerator=\count333
\makeMPintoPDFobject=\count334
\everyMPtoPDFconversion=\toks37
)
(C:\Users\mukun\AppData\Local\Programs\MiKTeX\tex/latex/epstopdf-pkg\epstopdf-b
ase.sty
Package: epstopdf-base 2020-01-24 v2.11 Base part for package epstopdf
Package epstopdf-base Info: Redefining graphics rule for `.eps' on input line 4
85.

(C:\Users\mukun\AppData\Local\Programs\MiKTeX\tex/latex/00miktex\epstopdf-sys.c
fg
File: epstopdf-sys.cfg 2021/03/18 v2.0 Configuration of epstopdf for MiKTeX
))
*geometry* driver: auto-detecting
*geometry* detected driver: pdftex
*geometry* verbose mode - [ preamble ] result:
* driver: pdftex
* paper: a4paper
* layout: <same size as paper>
* layoutoffset:(h,v)=(0.0pt,0.0pt)
* modes: twoside 
* h-part:(L,W,R)=(71.13188pt, 455.24411pt, 71.13188pt)
* v-part:(T,H,B)=(71.13188pt, 702.78308pt, 71.13188pt)
* \paperwidth=597.50787pt
* \paperheight=845.04684pt
* \textwidth=455.24411pt
* \textheight=702.78308pt
* \oddsidemargin=-1.1381pt
* \evensidemargin=-1.1381pt
* \topmargin=-31.2056pt
* \headheight=12.0pt
* \headsep=18.06749pt
* \topskip=10.0pt
* \footskip=25.29494pt
* \marginparwidth=125.0pt
* \marginparsep=7.0pt
* \columnsep=10.0pt
* \skip\footins=9.0pt plus 4.0pt minus 2.0pt
* \hoffset=0.0pt
* \voffset=0.0pt
* \mag=1000
* \@twocolumnfalse
* \@twosidetrue
* \@mparswitchtrue
* \@reversemarginfalse
* (1in=72.27pt=25.4mm, 1cm=28.453pt)

Package caption Info: Begin \AtBeginDocument code.
Package caption Info: End \AtBeginDocument code.
\Etoc@tf=\read4
LaTeX Font Info:    Font shape `T1/phv/m/n' will be
(Font)              scaled to size 12.9599pt on input line 142.
LaTeX Font Info:    Font shape `T1/phv/m/n' will be
(Font)              scaled to size 10.79993pt on input line 143.
LaTeX Font Info:    Font shape `T1/phv/m/n' will be
(Font)              scaled to size 6.29996pt on input line 143.
LaTeX Font Info:    Trying to load font information for U+msa on input line 143
.
(C:\Users\mukun\AppData\Local\Programs\MiKTeX\tex/latex/amsfonts\umsa.fd
File: umsa.fd 2013/01/14 v3.01 AMS symbols A
)
LaTeX Font Info:    Trying to load font information for U+msb on input line 143
.

(C:\Users\mukun\AppData\Local\Programs\MiKTeX\tex/latex/amsfonts\umsb.fd
File: umsb.fd 2013/01/14 v3.01 AMS symbols B
)
LaTeX Font Info:    Trying to load font information for U+wasy on input line 14
3.

(C:\Users\mukun\AppData\Local\Programs\MiKTeX\tex/latex/wasysym\uwasy.fd
File: uwasy.fd 2020/01/19 v2.4 Wasy-2 symbol font definitions
)
[1


{C:/Users/mukun/AppData/Local/MiKTeX/fonts/map/pdftex/pdftex.map}] [2

]
\tf@toc=\write5
\openout5 = `refman.toc'.

LaTeX Font Info:    Font shape `T1/phv/b/n' will be
(Font)              scaled to size 8.99994pt on input line 151.
LaTeX Font Info:    Font shape `T1/phv/b/n' will be
(Font)              scaled to size 6.29996pt on input line 151.

[1] [2] [3] [4] [5] [6

]
Chapter 1.
LaTeX Font Info:    Font shape `T1/phv/m/n' will be
(Font)              scaled to size 18.66588pt on input line 154.
LaTeX Font Info:    Font shape `T1/phv/b/n' will be
(Font)              scaled to size 18.66588pt on input line 154.
LaTeX Font Info:    Font shape `T1/phv/bc/n' will be
(Font)              scaled to size 18.66588pt on input line 154.
LaTeX Font Info:    Font shape `T1/phv/m/n' will be
(Font)              scaled to size 22.39185pt on input line 154.
LaTeX Font Info:    Font shape `T1/phv/b/n' will be
(Font)              scaled to size 22.39185pt on input line 154.
LaTeX Font Info:    Font shape `T1/phv/bc/n' will be
(Font)              scaled to size 22.39185pt on input line 154.
(bug.tex) [1

] [2

]
Chapter 2.
(annotated.tex
LaTeX Font Info:    Font shape `T1/phv/b/n' will be
(Font)              scaled to size 12.9599pt on input line 1.
) [3] [4

]
Chapter 3.
(files.tex) [5] [6

]
Chapter 4.
(structchar_count.tex
LaTeX Font Info:    Font shape `T1/phv/b/n' will be
(Font)              scaled to size 10.79993pt on input line 8.
LaTeX Font Info:    Trying to load font information for TS1+phv on input line 1
1.

(C:\Users\mukun\AppData\Local\Programs\MiKTeX\tex/latex/psnfss\ts1phv.fd
File: ts1phv.fd 2020/03/25 scalable font definitions for TS1/phv.
)
LaTeX Font Info:    Font shape `TS1/phv/m/n' will be
(Font)              scaled to size 8.99994pt on input line 11.
LaTeX Font Info:    Font shape `T1/phv/m/n' will be
(Font)              scaled to size 7.19995pt on input line 25.
LaTeX Font Info:    Trying to load font information for T1+pcr on input line 25
.

(C:\Users\mukun\AppData\Local\Programs\MiKTeX\tex/latex/psnfss\t1pcr.fd
File: t1pcr.fd 2001/06/04 font definitions for T1/pcr.
))
[7] [8

]
Chapter 5.
(main_8c.tex <./main_8c__incl.pdf

pdfTeX warning: pdflatex (file ./main_8c__incl.pdf): PDF inclusion: multiple pd
fs with page group included in a single page
>
<main_8c__incl.pdf, id=56, 743.77875pt x 320.19624pt>
File: main_8c__incl.pdf Graphic file (type pdf)
<use main_8c__incl.pdf>
Package pdftex.def Info: main_8c__incl.pdf  used on input line 18.
(pdftex.def)             Requested size: 350.0pt x 150.6779pt.
LaTeX Font Info:    Font shape `T1/phv/m/n' will be
(Font)              scaled to size 8.09995pt on input line 25.
LaTeX Font Info:    Font shape `T1/phv/m/it' in size <9> not available
(Font)              Font shape `T1/phv/m/sl' tried instead on input line 25.
LaTeX Font Info:    Font shape `T1/phv/m/sl' will be
(Font)              scaled to size 8.09995pt on input line 25.
 [9]
LaTeX Font Info:    Font shape `T1/phv/m/it' in size <7> not available
(Font)              Font shape `T1/phv/m/sl' tried instead on input line 43.
LaTeX Font Info:    Font shape `T1/phv/m/sl' will be
(Font)              scaled to size 6.29996pt on input line 43.
LaTeX Font Info:    Font shape `T1/phv/m/it' in size <10> not available
(Font)              Font shape `T1/phv/m/sl' tried instead on input line 46.
LaTeX Font Info:    Font shape `T1/phv/m/sl' will be
(Font)              scaled to size 8.99994pt on input line 46.
LaTeX Font Info:    Font shape `T1/phv/bc/n' will be
(Font)              scaled to size 8.99994pt on input line 72.

Underfull \hbox (badness 10000) detected at line 72
[][][]
 []

 <./main_8c_a8b6c981db3aad686de04545c1e87f33c_cgraph.pdf>
<main_8c_a8b6c981db3aad686de04545c1e87f33c_cgraph.pdf, id=69, 828.09375pt x 506
.89375pt>
File: main_8c_a8b6c981db3aad686de04545c1e87f33c_cgraph.pdf Graphic file (type p
df)
<use main_8c_a8b6c981db3aad686de04545c1e87f33c_cgraph.pdf>
Package pdftex.def Info: main_8c_a8b6c981db3aad686de04545c1e87f33c_cgraph.pdf  
used on input line 100.
(pdftex.def)             Requested size: 350.0pt x 214.24747pt.
 [10] <./main_8c_ae66f6b31b5ad750f1fe042a706a4e3d4_cgraph.pdf

pdfTeX warning: pdflatex (file ./main_8c_ae66f6b31b5ad750f1fe042a706a4e3d4_cgra
ph.pdf): PDF inclusion: multiple pdfs with page group included in a single page

>
<main_8c_ae66f6b31b5ad750f1fe042a706a4e3d4_cgraph.pdf, id=81, 902.37125pt x 582
.175pt>
File: main_8c_ae66f6b31b5ad750f1fe042a706a4e3d4_cgraph.pdf Graphic file (type p
df)
<use main_8c_ae66f6b31b5ad750f1fe042a706a4e3d4_cgraph.pdf>
Package pdftex.def Info: main_8c_ae66f6b31b5ad750f1fe042a706a4e3d4_cgraph.pdf  
used on input line 118.
(pdftex.def)             Requested size: 350.0pt x 225.81256pt.
 [11] [12]) (spacetype__functions_8c.tex [13] <./spacetype__functions_8c__incl.
pdf

pdfTeX warning: pdflatex (file ./spacetype__functions_8c__incl.pdf): PDF inclus
ion: multiple pdfs with page group included in a single page
>
<spacetype__functions_8c__incl.pdf, id=100, 337.26pt x 209.78375pt>
File: spacetype__functions_8c__incl.pdf Graphic file (type pdf)
<use spacetype__functions_8c__incl.pdf>
Package pdftex.def Info: spacetype__functions_8c__incl.pdf  used on input line 
14.
(pdftex.def)             Requested size: 336.0pt x 209.00536pt.
 <./spacetype__functions_8c__dep__incl.pdf

pdfTeX warning: pdflatex (file ./spacetype__functions_8c__dep__incl.pdf): PDF i
nclusion: multiple pdfs with page group included in a single page
>
<spacetype__functions_8c__dep__incl.pdf, id=108, 194.7275pt x 209.78375pt>
File: spacetype__functions_8c__dep__incl.pdf Graphic file (type pdf)
<use spacetype__functions_8c__dep__incl.pdf>
Package pdftex.def Info: spacetype__functions_8c__dep__incl.pdf  used on input 
line 21.
(pdftex.def)             Requested size: 194.0pt x 209.00856pt.
 [14] [15]
Underfull \hbox (badness 10000) detected at line 115
[][][]
 []

LaTeX Font Info:    Font shape `T1/pcr/m/it' in size <8> not available
(Font)              Font shape `T1/pcr/m/sl' tried instead on input line 137.
[16] [17] <./spacetype__functions_8c_a4add847567416989bf9b29e5128662ca_cgraph.p
df

pdfTeX warning: pdflatex (file ./spacetype__functions_8c_a4add847567416989bf9b2
9e5128662ca_cgraph.pdf): PDF inclusion: multiple pdfs with page group included 
in a single page
>
<spacetype__functions_8c_a4add847567416989bf9b29e5128662ca_cgraph.pdf, id=134, 
289.08pt x 99.37125pt>
File: spacetype__functions_8c_a4add847567416989bf9b29e5128662ca_cgraph.pdf Grap
hic file (type pdf)
<use spacetype__functions_8c_a4add847567416989bf9b29e5128662ca_cgraph.pdf>
Package pdftex.def Info: spacetype__functions_8c_a4add847567416989bf9b29e512866
2ca_cgraph.pdf  used on input line 199.
(pdftex.def)             Requested size: 288.0pt x 99.00557pt.
 [18] [19] [20] [21]) (spacetype__functions_8h.tex <./spacetype__functions_8h__
incl.pdf

pdfTeX warning: pdflatex (file ./spacetype__functions_8h__incl.pdf): PDF inclus
ion: multiple pdfs with page group included in a single page
>
<spacetype__functions_8h__incl.pdf, id=155, 333.245pt x 154.5775pt>
File: spacetype__functions_8h__incl.pdf Graphic file (type pdf)
<use spacetype__functions_8h__incl.pdf>
Package pdftex.def Info: spacetype__functions_8h__incl.pdf  used on input line 
11.
(pdftex.def)             Requested size: 332.0pt x 154.01102pt.
 [22] <./spacetype__functions_8h__dep__incl.pdf

pdfTeX warning: pdflatex (file ./spacetype__functions_8h__dep__incl.pdf): PDF i
nclusion: multiple pdfs with page group included in a single page
>
<spacetype__functions_8h__dep__incl.pdf, id=166, 194.7275pt x 264.99pt>
File: spacetype__functions_8h__dep__incl.pdf Graphic file (type pdf)
<use spacetype__functions_8h__dep__incl.pdf>
Package pdftex.def Info: spacetype__functions_8h__dep__incl.pdf  used on input 
line 18.
(pdftex.def)             Requested size: 194.0pt x 264.01083pt.
 [23] [24] <./spacetype__functions_8h_a4add847567416989bf9b29e5128662ca_cgraph.
pdf

pdfTeX warning: pdflatex (file ./spacetype__functions_8h_a4add847567416989bf9b2
9e5128662ca_cgraph.pdf): PDF inclusion: multiple pdfs with page group included 
in a single page
>
<spacetype__functions_8h_a4add847567416989bf9b29e5128662ca_cgraph.pdf, id=182, 
289.08pt x 99.37125pt>
File: spacetype__functions_8h_a4add847567416989bf9b29e5128662ca_cgraph.pdf Grap
hic file (type pdf)
<use spacetype__functions_8h_a4add847567416989bf9b29e5128662ca_cgraph.pdf>
Package pdftex.def Info: spacetype__functions_8h_a4add847567416989bf9b29e512866
2ca_cgraph.pdf  used on input line 125.
(pdftex.def)             Requested size: 288.0pt x 99.00557pt.
) (spacetype__functions_8h_source.tex [25]) (spacetype__game_8c.tex <./spacetyp
e__game_8c__incl.pdf>
<spacetype__game_8c__incl.pdf, id=194, 337.26pt x 264.99pt>
File: spacetype__game_8c__incl.pdf Graphic file (type pdf)
<use spacetype__game_8c__incl.pdf>
Package pdftex.def Info: spacetype__game_8c__incl.pdf  used on input line 13.
(pdftex.def)             Requested size: 336.0pt x 264.00679pt.
 <./spacetype__game_8c__dep__incl.pdf

pdfTeX warning: pdflatex (file ./spacetype__game_8c__dep__incl.pdf): PDF inclus
ion: multiple pdfs with page group included in a single page
>
<spacetype__game_8c__dep__incl.pdf, id=202, 179.67125pt x 154.5775pt>
File: spacetype__game_8c__dep__incl.pdf Graphic file (type pdf)
<use spacetype__game_8c__dep__incl.pdf>
Package pdftex.def Info: spacetype__game_8c__dep__incl.pdf  used on input line 
20.
(pdftex.def)             Requested size: 179.0pt x 154.01102pt.
 [26] [27]
Underfull \hbox (badness 10000) detected at line 90
[][][]
 []

 <./spacetype__game_8c_a9f1c87c7296779c4c895ca2b13ad2e3e_cgraph.pdf>
<spacetype__game_8c_a9f1c87c7296779c4c895ca2b13ad2e3e_cgraph.pdf, id=220, 247.9
2625pt x 210.7875pt>
File: spacetype__game_8c_a9f1c87c7296779c4c895ca2b13ad2e3e_cgraph.pdf Graphic f
ile (type pdf)
<use spacetype__game_8c_a9f1c87c7296779c4c895ca2b13ad2e3e_cgraph.pdf>
Package pdftex.def Info: spacetype__game_8c_a9f1c87c7296779c4c895ca2b13ad2e3e_c
graph.pdf  used on input line 114.
(pdftex.def)             Requested size: 247.0pt x 210.00218pt.
 [28]
LaTeX Font Info:    Font shape `T1/pcr/m/it' in size <7> not available
(Font)              Font shape `T1/pcr/m/sl' tried instead on input line 121.

[29] [30] [31] [32]) (spacetype__game_8h.tex <./spacetype__game_8h__incl.pdf

pdfTeX warning: pdflatex (file ./spacetype__game_8h__incl.pdf): PDF inclusion: 
multiple pdfs with page group included in a single page
>
<spacetype__game_8h__incl.pdf, id=245, 179.67125pt x 154.5775pt>
File: spacetype__game_8h__incl.pdf Graphic file (type pdf)
<use spacetype__game_8h__incl.pdf>
Package pdftex.def Info: spacetype__game_8h__incl.pdf  used on input line 8.
(pdftex.def)             Requested size: 179.0pt x 154.01102pt.
 <./spacetype__game_8h__dep__incl.pdf

pdfTeX warning: pdflatex (file ./spacetype__game_8h__dep__incl.pdf): PDF inclus
ion: multiple pdfs with page group included in a single page
>
<spacetype__game_8h__dep__incl.pdf, id=253, 179.67125pt x 154.5775pt>
File: spacetype__game_8h__dep__incl.pdf Graphic file (type pdf)
<use spacetype__game_8h__dep__incl.pdf>
Package pdftex.def Info: spacetype__game_8h__dep__incl.pdf  used on input line 
15.
(pdftex.def)             Requested size: 179.0pt x 154.01102pt.
 [33] <./spacetype__game_8h_a9f1c87c7296779c4c895ca2b13ad2e3e_cgraph.pdf>
<spacetype__game_8h_a9f1c87c7296779c4c895ca2b13ad2e3e_cgraph.pdf, id=265, 247.9
2625pt x 210.7875pt>
File: spacetype__game_8h_a9f1c87c7296779c4c895ca2b13ad2e3e_cgraph.pdf Graphic f
ile (type pdf)
<use spacetype__game_8h_a9f1c87c7296779c4c895ca2b13ad2e3e_cgraph.pdf>
Package pdftex.def Info: spacetype__game_8h_a9f1c87c7296779c4c895ca2b13ad2e3e_c
graph.pdf  used on input line 44.
(pdftex.def)             Requested size: 247.0pt x 210.00218pt.

[34]) (spacetype__game_8h_source.tex) (spacetype__test_8c.tex <./spacetype__tes
t_8c__dep__incl.pdf>
<spacetype__test_8c__dep__incl.pdf, id=277, 172.645pt x 154.5775pt>
File: spacetype__test_8c__dep__incl.pdf Graphic file (type pdf)
<use spacetype__test_8c__dep__incl.pdf>
Package pdftex.def Info: spacetype__test_8c__dep__incl.pdf  used on input line 
12.
(pdftex.def)             Requested size: 172.0pt x 154.00159pt.
 [35] [36]
Underfull \hbox (badness 10000) detected at line 84
[][][]
 []

 <./spacetype__test_8c_ae1a3968e7947464bee7714f6d43b7002_cgraph.pdf

pdfTeX warning: pdflatex (file ./spacetype__test_8c_ae1a3968e7947464bee7714f6d4
3b7002_cgraph.pdf): PDF inclusion: multiple pdfs with page group included in a 
single page
>
<spacetype__test_8c_ae1a3968e7947464bee7714f6d43b7002_cgraph.pdf, id=293, 455.7
025pt x 136.51pt>
File: spacetype__test_8c_ae1a3968e7947464bee7714f6d43b7002_cgraph.pdf Graphic f
ile (type pdf)
<use spacetype__test_8c_ae1a3968e7947464bee7714f6d43b7002_cgraph.pdf>
Package pdftex.def Info: spacetype__test_8c_ae1a3968e7947464bee7714f6d43b7002_c
graph.pdf  used on input line 107.
(pdftex.def)             Requested size: 350.0pt x 104.84848pt.
 <./spacetype__test_8c_a25ba3fb7af6ebbefc65c74be1ed8e186_cgraph.pdf

pdfTeX warning: pdflatex (file ./spacetype__test_8c_a25ba3fb7af6ebbefc65c74be1e
d8e186_cgraph.pdf): PDF inclusion: multiple pdfs with page group included in a 
single page
>
<spacetype__test_8c_a25ba3fb7af6ebbefc65c74be1ed8e186_cgraph.pdf, id=301, 386.4
4376pt x 136.51pt>
File: spacetype__test_8c_a25ba3fb7af6ebbefc65c74be1ed8e186_cgraph.pdf Graphic f
ile (type pdf)
<use spacetype__test_8c_a25ba3fb7af6ebbefc65c74be1ed8e186_cgraph.pdf>
Package pdftex.def Info: spacetype__test_8c_a25ba3fb7af6ebbefc65c74be1ed8e186_c
graph.pdf  used on input line 125.
(pdftex.def)             Requested size: 350.0pt x 123.63689pt.
 [37] <./spacetype__test_8c_af55403a1d20e95c21ed04315a711d285_cgraph.pdf>
<spacetype__test_8c_af55403a1d20e95c21ed04315a711d285_cgraph.pdf, id=313, 288.0
7625pt x 136.51pt>
File: spacetype__test_8c_af55403a1d20e95c21ed04315a711d285_cgraph.pdf Graphic f
ile (type pdf)
<use spacetype__test_8c_af55403a1d20e95c21ed04315a711d285_cgraph.pdf>
Package pdftex.def Info: spacetype__test_8c_af55403a1d20e95c21ed04315a711d285_c
graph.pdf  used on input line 150.
(pdftex.def)             Requested size: 287.0pt x 136.00557pt.

[38] [39]
Underfull \hbox (badness 10000) in paragraph at lines 242--243
\T1/pcr/m/n/8 char text1[450] = {"A late 20th century trend in typing, primaril
y used with devices with
 []


Overfull \hbox (29.5562pt too wide) in paragraph at lines 242--243
\T1/pcr/m/n/8 small keyboards (such as PDAs and Smartphones) is thumbing or thu
mb typing. This can be accomplished
 []


Underfull \hbox (badness 10000) in paragraph at lines 242--243
\T1/pcr/m/n/8 using one or both thumbs. Similar to desktop keyboards and  \T1/p
cr/b/n/8 input \T1/pcr/m/n/8 devices, if a user overuses
 []


Underfull \hbox (badness 10000) in paragraph at lines 242--243
\T1/pcr/m/n/8 keys which need hard presses and/or have small and unergonomic la
youts, it could cause thumb
 []

LaTeX Font Info:    Trying to load font information for TS1+pcr on input line 2
52.
(C:\Users\mukun\AppData\Local\Programs\MiKTeX\tex/latex/psnfss\ts1pcr.fd
File: ts1pcr.fd 2001/06/04 font definitions for TS1/pcr.
)
Underfull \hbox (badness 10000) in paragraph at lines 252--253
\T1/pcr/m/n/8 char text10[381] = {"The Tale of Jiraiya the Gallant. Now it\TS1/
pcr/m/n/8 '\T1/pcr/m/n/8 ll end a bit better, I hope.
 []


Underfull \hbox (badness 10000) in paragraph at lines 252--253
\T1/pcr/m/n/8 The final chapter. I\TS1/pcr/m/n/8 '\T1/pcr/m/n/8 ll call it[]: F
rog at the bottom of the well drifts off into the great
 []


Underfull \hbox (badness 10000) in paragraph at lines 252--253
\T1/pcr/m/n/8 ocean. Just barely glorious. But glorious indeed. Now I suppose i
t\TS1/pcr/m/n/8 '\T1/pcr/m/n/8 s about time I put down
 []


Underfull \hbox (badness 10000) in paragraph at lines 252--253
\T1/pcr/m/n/8 my pen. Oh, right. What should I name the sequel? I wonder. Let\T
S1/pcr/m/n/8 '\T1/pcr/m/n/8 s see[]: The Tale of Naruto
 []


Overfull \hbox (19.95619pt too wide) in paragraph at lines 258--259
\T1/pcr/m/n/8 char text2[450] = {"Today, historians relate that, as a general r
ule, buying and selling securities
 []


Underfull \hbox (badness 10000) in paragraph at lines 258--259
\T1/pcr/m/n/8 was very much unorganized before the year 1792. Every person who 
owned a security faced the
 []


Overfull \hbox (19.95619pt too wide) in paragraph at lines 258--259
\T1/pcr/m/n/8 This meant most people were somewhat slow in investing in stocks 
and bonds because these securities
 []

[40]
Underfull \hbox (badness 10000) in paragraph at lines 264--265
\T1/pcr/m/n/8 char text3[456] = {"A data entry clerk is a member of staff emplo
yed to enter or update data
 []


Underfull \hbox (badness 10000) in paragraph at lines 264--265
\T1/pcr/m/n/8 into a computer system. Data is often entered into a computer fro
m paper documents using a
 []


Underfull \hbox (badness 10000) in paragraph at lines 264--265
\T1/pcr/m/n/8 keyboard. The keyboards used can often have special keys - Alt, C
trl, Fn, Shift - multiple
 []


Underfull \hbox (badness 10000) in paragraph at lines 264--265
\T1/pcr/m/n/8 colors to help in the task & speed up the work. Proper ergonomics
 at the workstation is a
 []


Underfull \hbox (badness 10000) in paragraph at lines 270--271
\T1/pcr/m/n/8 char text4[530] = {"An ever-growing number of complex rules plus 
hard-to-cope-with regulations
 []


Underfull \hbox (badness 10000) in paragraph at lines 270--271
\T1/pcr/m/n/8 are now being legislated from state to state. Key federal regulat
ions were formulated by
 []


Underfull \hbox (badness 10000) in paragraph at lines 270--271
\T1/pcr/m/n/8 the FDA, FTC, and the CPSC. Each of these federal agencies serves
 a specific mission. One
 []


Underfull \hbox (badness 10000) in paragraph at lines 270--271
\T1/pcr/m/n/8 example[]: Laws sponsored by the Office of the Fair Debt Collecti
on Practices prevent an agency
 []


Underfull \hbox (badness 10000) in paragraph at lines 270--271
\T1/pcr/m/n/8 from purposefully harassing clients in serious debt. The Fair Pac
kaging and Labeling Act
 []


Underfull \hbox (badness 10000) in paragraph at lines 276--277
\T1/pcr/m/n/8 char text5[287] = {"The Master of Business Administration (MBA or
 M.[]B.[]A.) degree originated in
 []


Underfull \hbox (badness 10000) in paragraph at lines 276--277
\T1/pcr/m/n/8 the United States. The core courses in an MBA program cover vario
us areas of business such
 []


Underfull \hbox (badness 10000) in paragraph at lines 276--277
\T1/pcr/m/n/8 as accounting, applied statistics, business law, finance, manager
ial economics, management,
 []


Overfull \hbox (15.15619pt too wide) in paragraph at lines 282--283
\T1/pcr/m/n/8 char text6[400] = {"Business casual is an ambiguously defined Wes
tern dress code that is generally
 []


Underfull \hbox (badness 10000) in paragraph at lines 282--283
\T1/pcr/m/n/8 considered casual wear but with smart (in the sense of \TS1/pcr/m
/n/8 '\T1/pcr/m/n/8 well dressed\TS1/pcr/m/n/8 '\T1/pcr/m/n/8 ) components of a
 proper
 []


Overfull \hbox (29.5562pt too wide) in paragraph at lines 282--283
\T1/pcr/m/n/8 lounge suit from traditional informal wear, adopted for white-col
lar workplaces. This interpretation
 []


Underfull \hbox (badness 10000) in paragraph at lines 282--283
\T1/pcr/m/n/8 typically including dress shirt, necktie, & trousers, but worn wi
th an odd-colored blazer or a
 []


Underfull \hbox (badness 10000) in paragraph at lines 288--289
\T1/pcr/m/n/8 char text7[520] = {"Many touch typists also use keyboard shortcut
s or hotkeys when typing on
 []


Underfull \hbox (badness 10000) in paragraph at lines 288--289
\T1/pcr/m/n/8 a computer. This allows them to edit their document without havin
g to take their hands off
 []


Underfull \hbox (badness 10000) in paragraph at lines 288--289
\T1/pcr/m/n/8 the keyboard to use a mouse. An example of a keyboard shortcut is
 pressing the Ctrl key + the
 []


Underfull \hbox (badness 10000) in paragraph at lines 288--289
\T1/pcr/m/n/8 S key to save a document as they type, or the Ctrl key + the Z ke
y to undo a mistake. Many
 []


Underfull \hbox (badness 10000) in paragraph at lines 288--289
\T1/pcr/m/n/8 experienced typists can feel or sense when they have made an erro
r & can hit the Backspace key
 []

[41]
Underfull \hbox (badness 10000) in paragraph at lines 294--295
\T1/pcr/m/n/8 char text8[438] = {"When we talk about motivating others, the jus
tification is the end result
 []


Underfull \hbox (badness 10000) in paragraph at lines 294--295
\T1/pcr/m/n/8 (either we want to avoid the pain or go towards pleasure) or what
 we want to get the person to
 []


Underfull \hbox (badness 10000) in paragraph at lines 294--295
\T1/pcr/m/n/8 do. How we achieve the end result, are our alternatives. As a man
ager, we need to understand
 []


Underfull \hbox (badness 10000) in paragraph at lines 294--295
\T1/pcr/m/n/8 the other person\TS1/pcr/m/n/8 '\T1/pcr/m/n/8 s justification and
 then come up with alternatives. We may then choose the
 []


Overfull \hbox (15.15619pt too wide) in paragraph at lines 300--301
\T1/pcr/m/n/8 char text9[300] = {"Wealth, fame, power. Gold Roger, the King of 
the Pirates, attained everything
 []


Underfull \hbox (badness 10000) in paragraph at lines 300--301
\T1/pcr/m/n/8 this world has to offer. And so, many men head for the Grand Line
 to find the great treasure
 []

) (spacetype__test_8h.tex <./spacetype__test_8h__dep__incl.pdf

pdfTeX warning: pdflatex (file ./spacetype__test_8h__dep__incl.pdf): PDF inclus
ion: multiple pdfs with page group included in a single page
>
<spacetype__test_8h__dep__incl.pdf, id=335, 172.645pt x 154.5775pt>
File: spacetype__test_8h__dep__incl.pdf Graphic file (type pdf)
<use spacetype__test_8h__dep__incl.pdf>
Package pdftex.def Info: spacetype__test_8h__dep__incl.pdf  used on input line 
7.
(pdftex.def)             Requested size: 172.0pt x 154.00159pt.
 [42] <./spacetype__test_8h_ae1a3968e7947464bee7714f6d43b7002_cgraph.pdf>
<spacetype__test_8h_ae1a3968e7947464bee7714f6d43b7002_cgraph.pdf, id=347, 455.7
025pt x 136.51pt>
File: spacetype__test_8h_ae1a3968e7947464bee7714f6d43b7002_cgraph.pdf Graphic f
ile (type pdf)
<use spacetype__test_8h_ae1a3968e7947464bee7714f6d43b7002_cgraph.pdf>
Package pdftex.def Info: spacetype__test_8h_ae1a3968e7947464bee7714f6d43b7002_c
graph.pdf  used on input line 37.
(pdftex.def)             Requested size: 350.0pt x 104.84848pt.
 <./spacetype__test_8h_a25ba3fb7af6ebbefc65c74be1ed8e186_cgraph.pdf

pdfTeX warning: pdflatex (file ./spacetype__test_8h_a25ba3fb7af6ebbefc65c74be1e
d8e186_cgraph.pdf): PDF inclusion: multiple pdfs with page group included in a 
single page
>
<spacetype__test_8h_a25ba3fb7af6ebbefc65c74be1ed8e186_cgraph.pdf, id=355, 386.4
4376pt x 136.51pt>
File: spacetype__test_8h_a25ba3fb7af6ebbefc65c74be1ed8e186_cgraph.pdf Graphic f
ile (type pdf)
<use spacetype__test_8h_a25ba3fb7af6ebbefc65c74be1ed8e186_cgraph.pdf>
Package pdftex.def Info: spacetype__test_8h_a25ba3fb7af6ebbefc65c74be1ed8e186_c
graph.pdf  used on input line 55.
(pdftex.def)             Requested size: 350.0pt x 123.63689pt.
 [43] <./spacetype__test_8h_af55403a1d20e95c21ed04315a711d285_cgraph.pdf>
<spacetype__test_8h_af55403a1d20e95c21ed04315a711d285_cgraph.pdf, id=367, 288.0
7625pt x 136.51pt>
File: spacetype__test_8h_af55403a1d20e95c21ed04315a711d285_cgraph.pdf Graphic f
ile (type pdf)
<use spacetype__test_8h_af55403a1d20e95c21ed04315a711d285_cgraph.pdf>
Package pdftex.def Info: spacetype__test_8h_af55403a1d20e95c21ed04315a711d285_c
graph.pdf  used on input line 80.
(pdftex.def)             Requested size: 287.0pt x 136.00557pt.
)
(spacetype__test_8h_source.tex) (spacetype__train_8c.tex <./spacetype__train_8c
__dep__incl.pdf

pdfTeX warning: pdflatex (file ./spacetype__train_8c__dep__incl.pdf): PDF inclu
sion: multiple pdfs with page group included in a single page
>
<spacetype__train_8c__dep__incl.pdf, id=375, 174.6525pt x 154.5775pt>
File: spacetype__train_8c__dep__incl.pdf Graphic file (type pdf)
<use spacetype__train_8c__dep__incl.pdf>
Package pdftex.def Info: spacetype__train_8c__dep__incl.pdf  used on input line
 12.
(pdftex.def)             Requested size: 174.0pt x 154.00865pt.
 [44] [45]
Underfull \hbox (badness 10000) detected at line 114
[][][]
 []

 <./spacetype__train_8c_a774d816129879166ef7b47827fa13f34_cgraph.pdf>
<spacetype__train_8c_a774d816129879166ef7b47827fa13f34_cgraph.pdf, id=391, 306.
14375pt x 210.7875pt>
File: spacetype__train_8c_a774d816129879166ef7b47827fa13f34_cgraph.pdf Graphic 
file (type pdf)
<use spacetype__train_8c_a774d816129879166ef7b47827fa13f34_cgraph.pdf>
Package pdftex.def Info: spacetype__train_8c_a774d816129879166ef7b47827fa13f34_
cgraph.pdf  used on input line 136.
(pdftex.def)             Requested size: 305.0pt x 210.01184pt.
 [46] <./spacetype__train_8c_a08952319e7c38f34243c26a936d8c38b_cgraph.pdf

pdfTeX warning: pdflatex (file ./spacetype__train_8c_a08952319e7c38f34243c26a93
6d8c38b_cgraph.pdf): PDF inclusion: multiple pdfs with page group included in a
 single page
>
<spacetype__train_8c_a08952319e7c38f34243c26a936d8c38b_cgraph.pdf, id=402, 277.
035pt x 210.7875pt>
File: spacetype__train_8c_a08952319e7c38f34243c26a936d8c38b_cgraph.pdf Graphic 
file (type pdf)
<use spacetype__train_8c_a08952319e7c38f34243c26a936d8c38b_cgraph.pdf>
Package pdftex.def Info: spacetype__train_8c_a08952319e7c38f34243c26a936d8c38b_
cgraph.pdf  used on input line 153.
(pdftex.def)             Requested size: 276.0pt x 210.00218pt.
 [47] <./spacetype__train_8c_abda48979ae2115375b8a9123d9bf99d8_cgraph.pdf>
<spacetype__train_8c_abda48979ae2115375b8a9123d9bf99d8_cgraph.pdf, id=415, 508.
90125pt x 285.065pt>
File: spacetype__train_8c_abda48979ae2115375b8a9123d9bf99d8_cgraph.pdf Graphic 
file (type pdf)
<use spacetype__train_8c_abda48979ae2115375b8a9123d9bf99d8_cgraph.pdf>
Package pdftex.def Info: spacetype__train_8c_abda48979ae2115375b8a9123d9bf99d8_
cgraph.pdf  used on input line 170.
(pdftex.def)             Requested size: 350.0pt x 196.06435pt.
 <./spacetype__train_8c_ae46d5ffa05bceb73109a5c717f13085c_cgraph.pdf

pdfTeX warning: pdflatex (file ./spacetype__train_8c_ae46d5ffa05bceb73109a5c717
f13085c_cgraph.pdf): PDF inclusion: multiple pdfs with page group included in a
 single page
>
<spacetype__train_8c_ae46d5ffa05bceb73109a5c717f13085c_cgraph.pdf, id=423, 506.
89375pt x 285.065pt>
File: spacetype__train_8c_ae46d5ffa05bceb73109a5c717f13085c_cgraph.pdf Graphic 
file (type pdf)
<use spacetype__train_8c_ae46d5ffa05bceb73109a5c717f13085c_cgraph.pdf>
Package pdftex.def Info: spacetype__train_8c_ae46d5ffa05bceb73109a5c717f13085c_
cgraph.pdf  used on input line 187.
(pdftex.def)             Requested size: 350.0pt x 196.83424pt.
 [48] <./spacetype__train_8c_a58a9e39b3626c1bb7e4e959b36bf43d7_cgraph.pdf>
<spacetype__train_8c_a58a9e39b3626c1bb7e4e959b36bf43d7_cgraph.pdf, id=435, 710.
655pt x 334.24875pt>
File: spacetype__train_8c_a58a9e39b3626c1bb7e4e959b36bf43d7_cgraph.pdf Graphic 
file (type pdf)
<use spacetype__train_8c_a58a9e39b3626c1bb7e4e959b36bf43d7_cgraph.pdf>
Package pdftex.def Info: spacetype__train_8c_a58a9e39b3626c1bb7e4e959b36bf43d7_
cgraph.pdf  used on input line 224.
(pdftex.def)             Requested size: 350.0pt x 164.62485pt.
 <./spacetype__train_8c_ab348f26a0c1dd03ac6671c03b90efa5e_cgraph.pdf

pdfTeX warning: pdflatex (file ./spacetype__train_8c_ab348f26a0c1dd03ac6671c03b
90efa5e_cgraph.pdf): PDF inclusion: multiple pdfs with page group included in a
 single page
>
<spacetype__train_8c_ab348f26a0c1dd03ac6671c03b90efa5e_cgraph.pdf, id=443, 639.
38875pt x 295.1025pt>
File: spacetype__train_8c_ab348f26a0c1dd03ac6671c03b90efa5e_cgraph.pdf Graphic 
file (type pdf)
<use spacetype__train_8c_ab348f26a0c1dd03ac6671c03b90efa5e_cgraph.pdf>
Package pdftex.def Info: spacetype__train_8c_ab348f26a0c1dd03ac6671c03b90efa5e_
cgraph.pdf  used on input line 241.
(pdftex.def)             Requested size: 350.0pt x 161.54137pt.
 [49] <./spacetype__train_8c_a3d854df91ebc16ceb8135872b1252e68_cgraph.pdf>
<spacetype__train_8c_a3d854df91ebc16ceb8135872b1252e68_cgraph.pdf, id=455, 380.
42125pt x 285.065pt>
File: spacetype__train_8c_a3d854df91ebc16ceb8135872b1252e68_cgraph.pdf Graphic 
file (type pdf)
<use spacetype__train_8c_a3d854df91ebc16ceb8135872b1252e68_cgraph.pdf>
Package pdftex.def Info: spacetype__train_8c_a3d854df91ebc16ceb8135872b1252e68_
cgraph.pdf  used on input line 258.
(pdftex.def)             Requested size: 350.0pt x 262.27603pt.

[50] <./spacetype__train_8c_a9b71b1145b442c758139bf3b462b56b7_cgraph.pdf>
<spacetype__train_8c_a9b71b1145b442c758139bf3b462b56b7_cgraph.pdf, id=467, 276.
03125pt x 247.92625pt>
File: spacetype__train_8c_a9b71b1145b442c758139bf3b462b56b7_cgraph.pdf Graphic 
file (type pdf)
<use spacetype__train_8c_a9b71b1145b442c758139bf3b462b56b7_cgraph.pdf>
Package pdftex.def Info: spacetype__train_8c_a9b71b1145b442c758139bf3b462b56b7_
cgraph.pdf  used on input line 275.
(pdftex.def)             Requested size: 275.0pt x 247.02527pt.

[51] [52] [53]
Underfull \hbox (badness 10000) in paragraph at lines 455--456
\T1/pcr/m/n/8 char Top[]Row[]Words[$ $][10] = {"queer", "wrought", "erode", "tr
ope", "troupe", "youth", "utopia",
 []

[54]) (spacetype__train_8h.tex <./spacetype__train_8h__dep__incl.pdf

pdfTeX warning: pdflatex (file ./spacetype__train_8h__dep__incl.pdf): PDF inclu
sion: multiple pdfs with page group included in a single page
>
<spacetype__train_8h__dep__incl.pdf, id=489, 174.6525pt x 154.5775pt>
File: spacetype__train_8h__dep__incl.pdf Graphic file (type pdf)
<use spacetype__train_8h__dep__incl.pdf>
Package pdftex.def Info: spacetype__train_8h__dep__incl.pdf  used on input line
 7.
(pdftex.def)             Requested size: 174.0pt x 154.00865pt.
 [55] <./spacetype__train_8h_a774d816129879166ef7b47827fa13f34_cgraph.pdf>
<spacetype__train_8h_a774d816129879166ef7b47827fa13f34_cgraph.pdf, id=501, 306.
14375pt x 210.7875pt>
File: spacetype__train_8h_a774d816129879166ef7b47827fa13f34_cgraph.pdf Graphic 
file (type pdf)
<use spacetype__train_8h_a774d816129879166ef7b47827fa13f34_cgraph.pdf>
Package pdftex.def Info: spacetype__train_8h_a774d816129879166ef7b47827fa13f34_
cgraph.pdf  used on input line 52.
(pdftex.def)             Requested size: 305.0pt x 210.01184pt.

[56] <./spacetype__train_8h_a08952319e7c38f34243c26a936d8c38b_cgraph.pdf>
<spacetype__train_8h_a08952319e7c38f34243c26a936d8c38b_cgraph.pdf, id=513, 277.
035pt x 210.7875pt>
File: spacetype__train_8h_a08952319e7c38f34243c26a936d8c38b_cgraph.pdf Graphic 
file (type pdf)
<use spacetype__train_8h_a08952319e7c38f34243c26a936d8c38b_cgraph.pdf>
Package pdftex.def Info: spacetype__train_8h_a08952319e7c38f34243c26a936d8c38b_
cgraph.pdf  used on input line 75.
(pdftex.def)             Requested size: 276.0pt x 210.00218pt.
 <./spacetype__train_8h_abda48979ae2115375b8a9123d9bf99d8_cgraph.pdf

pdfTeX warning: pdflatex (file ./spacetype__train_8h_abda48979ae2115375b8a9123d
9bf99d8_cgraph.pdf): PDF inclusion: multiple pdfs with page group included in a
 single page
>
<spacetype__train_8h_abda48979ae2115375b8a9123d9bf99d8_cgraph.pdf, id=521, 508.
90125pt x 285.065pt>
File: spacetype__train_8h_abda48979ae2115375b8a9123d9bf99d8_cgraph.pdf Graphic 
file (type pdf)
<use spacetype__train_8h_abda48979ae2115375b8a9123d9bf99d8_cgraph.pdf>
Package pdftex.def Info: spacetype__train_8h_abda48979ae2115375b8a9123d9bf99d8_
cgraph.pdf  used on input line 92.
(pdftex.def)             Requested size: 350.0pt x 196.06435pt.
 [57] <./spacetype__train_8h_ae46d5ffa05bceb73109a5c717f13085c_cgraph.pdf>
<spacetype__train_8h_ae46d5ffa05bceb73109a5c717f13085c_cgraph.pdf, id=533, 506.
89375pt x 285.065pt>
File: spacetype__train_8h_ae46d5ffa05bceb73109a5c717f13085c_cgraph.pdf Graphic 
file (type pdf)
<use spacetype__train_8h_ae46d5ffa05bceb73109a5c717f13085c_cgraph.pdf>
Package pdftex.def Info: spacetype__train_8h_ae46d5ffa05bceb73109a5c717f13085c_
cgraph.pdf  used on input line 109.
(pdftex.def)             Requested size: 350.0pt x 196.83424pt.

[58] <./spacetype__train_8h_a58a9e39b3626c1bb7e4e959b36bf43d7_cgraph.pdf>
<spacetype__train_8h_a58a9e39b3626c1bb7e4e959b36bf43d7_cgraph.pdf, id=545, 710.
655pt x 334.24875pt>
File: spacetype__train_8h_a58a9e39b3626c1bb7e4e959b36bf43d7_cgraph.pdf Graphic 
file (type pdf)
<use spacetype__train_8h_a58a9e39b3626c1bb7e4e959b36bf43d7_cgraph.pdf>
Package pdftex.def Info: spacetype__train_8h_a58a9e39b3626c1bb7e4e959b36bf43d7_
cgraph.pdf  used on input line 152.
(pdftex.def)             Requested size: 350.0pt x 164.62485pt.
 <./spacetype__train_8h_ab348f26a0c1dd03ac6671c03b90efa5e_cgraph.pdf

pdfTeX warning: pdflatex (file ./spacetype__train_8h_ab348f26a0c1dd03ac6671c03b
90efa5e_cgraph.pdf): PDF inclusion: multiple pdfs with page group included in a
 single page
>
<spacetype__train_8h_ab348f26a0c1dd03ac6671c03b90efa5e_cgraph.pdf, id=553, 639.
38875pt x 295.1025pt>
File: spacetype__train_8h_ab348f26a0c1dd03ac6671c03b90efa5e_cgraph.pdf Graphic 
file (type pdf)
<use spacetype__train_8h_ab348f26a0c1dd03ac6671c03b90efa5e_cgraph.pdf>
Package pdftex.def Info: spacetype__train_8h_ab348f26a0c1dd03ac6671c03b90efa5e_
cgraph.pdf  used on input line 169.
(pdftex.def)             Requested size: 350.0pt x 161.54137pt.
 [59] <./spacetype__train_8h_a3d854df91ebc16ceb8135872b1252e68_cgraph.pdf>
<spacetype__train_8h_a3d854df91ebc16ceb8135872b1252e68_cgraph.pdf, id=566, 380.
42125pt x 285.065pt>
File: spacetype__train_8h_a3d854df91ebc16ceb8135872b1252e68_cgraph.pdf Graphic 
file (type pdf)
<use spacetype__train_8h_a3d854df91ebc16ceb8135872b1252e68_cgraph.pdf>
Package pdftex.def Info: spacetype__train_8h_a3d854df91ebc16ceb8135872b1252e68_
cgraph.pdf  used on input line 186.
(pdftex.def)             Requested size: 350.0pt x 262.27603pt.
)
(spacetype__train_8h_source.tex [60]) [61] [62

] (refman.ind [63


] [64] [65]
[66] [67

]) (refman.aux) ) 
Here is how much of TeX's memory you used:
 11820 strings out of 475385
 217463 string characters out of 2776907
 573190 words of memory out of 3000000
 32903 multiletter control sequences out of 15000+600000
 529871 words of font info for 108 fonts, out of 8000000 for 9000
 1141 hyphenation exceptions out of 8191
 99i,16n,117p,4540b,637s stack positions out of 10000i,1000n,20000p,200000b,80000s
{C:/Users/mukun/AppData/Local/Programs/MiKTeX/fonts/enc/dvips/
base/8r.enc}<C:/Users/mukun/AppData/Local/Programs/MiKTeX/fonts/type1/public/am
sfonts/cm/cmmi10.pfb><C:/Users/mukun/AppData/Local/Programs/MiKTeX/fonts/type1/
public/amsfonts/cm/cmsy10.pfb><C:/Users/mukun/AppData/Local/Programs/MiKTeX/fon
ts/type1/public/amsfonts/cm/cmsy8.pfb><C:/Users/mukun/AppData/Local/Programs/Mi
KTeX/fonts/type1/public/amsfonts/cm/cmsy9.pfb><C:/Users/mukun/AppData/Local/Pro
grams/MiKTeX/fonts/type1/urw/courier/ucrb8a.pfb><C:/Users/mukun/AppData/Local/P
rograms/MiKTeX/fonts/type1/urw/courier/ucrr8a.pfb><C:/Users/mukun/AppData/Local
/Programs/MiKTeX/fonts/type1/urw/courier/ucrro8a.pfb><C:/Users/mukun/AppData/Lo
cal/Programs/MiKTeX/fonts/type1/urw/helvetic/uhvb8a.pfb><C:/Users/mukun/AppData
/Local/Programs/MiKTeX/fonts/type1/urw/helvetic/uhvb8ac.pfb><C:/Users/mukun/App
Data/Local/Programs/MiKTeX/fonts/type1/urw/helvetic/uhvr8a.pfb><C:/Users/mukun/
AppData/Local/Programs/MiKTeX/fonts/type1/urw/helvetic/uhvro8a.pfb>
Output written on refman.pdf (75 pages, 885218 bytes).
PDF statistics:
 650 PDF objects out of 1000 (max. 8388607)
 0 named destinations out of 1000 (max. 500000)
 201 words of extra memory for PDF output out of 10000 (max. 10000000)

